#
# A fatal error has been detected by the Java Runtime Environment:
#
#  SIGSEGV (0xb) at pc=0x000000012c2f67e3, pid=49106, tid=775
#
# JRE version: Java(TM) SE Runtime Environment (10.0.2+13) (build 10.0.2+13)
# Java VM: Java HotSpot(TM) 64-Bit Server VM (10.0.2+13, mixed mode, tiered, compressed oops, g1 gc, bsd-amd64)
# Problematic frame:
# C  [libMoltenVK.dylib+0x17e3]
#
# No core dump will be written. Core dumps have been disabled. To enable core dumping, try "ulimit -c unlimited" before starting Java again
#
# If you would like to submit a bug report, please visit:
#   http://bugreport.java.com/bugreport/crash.jsp
# The crash happened outside the Java Virtual Machine in native code.
# See problematic frame for where to report the bug.
#

---------------  S U M M A R Y ------------

Command Line: -Djava.library.path=/Users/christophersjoblom/lwjgl-nightly-3.1.7 -javaagent:/Applications/IntelliJ IDEA CE.app/Contents/lib/idea_rt.jar=57828:/Applications/IntelliJ IDEA CE.app/Contents/bin -Dfile.encoding=UTF-8 example.HelloRainKt

Host: MacBookPro13,2 x86_64 2900 MHz, 4 cores, 8G, Darwin 17.7.0
Time: Fri Sep 21 19:20:26 2018 CEST elapsed time: 10 seconds (0d 0h 0m 10s)

---------------  T H R E A D  ---------------

Current thread (0x00007fa501806800):  JavaThread "main" [_thread_in_native, id=775, stack(0x00007ffee8f7e000,0x00007ffee977e000)]

Stack: [0x00007ffee8f7e000,0x00007ffee977e000],  sp=0x00007ffee977a700,  free space=8177k
Native frames: (J=compiled Java code, A=aot compiled Java code, j=interpreted, Vv=VM code, C=native code)
C  [libMoltenVK.dylib+0x17e3]
j  org.lwjgl.system.JNI.callPJJJI(JJJJJ)I+0
j  org.lwjgl.vulkan.VK10.vkBindBufferMemory(Lorg/lwjgl/vulkan/VkDevice;JJJ)I+19
j  rain.vulkan.VertexBuffer.createVertexBuffer(Lrain/vulkan/LogicalDevice;Lrain/vulkan/Queue;Lrain/vulkan/CommandPool;Lorg/lwjgl/vulkan/VkPhysicalDeviceMemoryProperties;[F)V+191
j  rain.vulkan.VertexBuffer.create(Lrain/vulkan/LogicalDevice;Lrain/vulkan/Queue;Lrain/vulkan/CommandPool;Lorg/lwjgl/vulkan/VkPhysicalDeviceMemoryProperties;[F[Lrain/vulkan/VertexAttribute;)V+47
j  rain.vulkan.VulkanResourceFactory.<init>(Lrain/vulkan/LogicalDevice;Lrain/vulkan/PhysicalDevice;Lrain/vulkan/Queue;Lrain/vulkan/CommandPool;)V+281
j  rain.Rain.createVulkanApi()V+47
j  rain.Rain.create(IILjava/lang/String;Lrain/Api;)V+57
j  example.HelloRainKt.main([Ljava/lang/String;)V+26
v  ~StubRoutines::call_stub
V  [libjvm.dylib+0x3d8c0e]  _ZN9JavaCalls11call_helperEP9JavaValueRK12methodHandleP17JavaCallArgumentsP6Thread+0x216
V  [libjvm.dylib+0x41856d]  _ZL17jni_invoke_staticP7JNIEnv_P9JavaValueP8_jobject11JNICallTypeP10_jmethodIDP18JNI_ArgumentPusherP6Thread+0x12d
V  [libjvm.dylib+0x41ae0d]  jni_CallStaticVoidMethod+0x183
C  [java+0x5034]  JavaMain+0xb9f
C  [java+0x755d]  __JVMInit_block_invoke+0x4c
C  [Foundation+0x3c5df]  __NSBLOCKOPERATION_IS_CALLING_OUT_TO_A_BLOCK__+0x7
C  [Foundation+0x3c441]  -[NSBlockOperation main]+0x44
C  [Foundation+0x3a8ee]  -[__NSOperationInternal _start:]+0x30a
C  [Foundation+0x682b5]  __NSThreadPerformPerform+0x14e
C  [CoreFoundation+0xa3a11]  __CFRUNLOOP_IS_CALLING_OUT_TO_A_SOURCE0_PERFORM_FUNCTION__+0x11
C  [CoreFoundation+0x15d42c]  __CFRunLoopDoSource0+0x6c
C  [CoreFoundation+0x86470]  __CFRunLoopDoSources0+0xd0
C  [CoreFoundation+0x858ed]  __CFRunLoopRun+0x50d
C  [CoreFoundation+0x85153]  CFRunLoopRunSpecific+0x1e3
C  [java+0x6bc3]  CreateExecutionEnvironment+0x191
C  [java+0x2ebc]  JLI_Launch+0x620
C  [java+0x1d4c]  main+0x180
C  [java+0x1bc4]  start+0x34
C  0x0000000000000008

Java frames: (J=compiled Java code, j=interpreted, Vv=VM code)
j  org.lwjgl.system.JNI.callPJJJI(JJJJJ)I+0
j  org.lwjgl.vulkan.VK10.vkBindBufferMemory(Lorg/lwjgl/vulkan/VkDevice;JJJ)I+19
j  rain.vulkan.VertexBuffer.createVertexBuffer(Lrain/vulkan/LogicalDevice;Lrain/vulkan/Queue;Lrain/vulkan/CommandPool;Lorg/lwjgl/vulkan/VkPhysicalDeviceMemoryProperties;[F)V+191
j  rain.vulkan.VertexBuffer.create(Lrain/vulkan/LogicalDevice;Lrain/vulkan/Queue;Lrain/vulkan/CommandPool;Lorg/lwjgl/vulkan/VkPhysicalDeviceMemoryProperties;[F[Lrain/vulkan/VertexAttribute;)V+47
j  rain.vulkan.VulkanResourceFactory.<init>(Lrain/vulkan/LogicalDevice;Lrain/vulkan/PhysicalDevice;Lrain/vulkan/Queue;Lrain/vulkan/CommandPool;)V+281
j  rain.Rain.createVulkanApi()V+47
j  rain.Rain.create(IILjava/lang/String;Lrain/Api;)V+57
j  example.HelloRainKt.main([Ljava/lang/String;)V+26
v  ~StubRoutines::call_stub

siginfo: si_signo: 11 (SIGSEGV), si_code: 1 (SEGV_MAPERR), si_addr: 0x0000000000000018

Register to memory mapping:

RAX=0x0000000000000000 is an unknown value
RBX=0x0000000000000000 is an unknown value
RCX=0x0000000000000000 is an unknown value
RDX=0x0000000000000000 is an unknown value
RSP=0x00007ffee977a700 is pointing into the stack for thread: 0x00007fa501806800
RBP=0x00007ffee977a720 is pointing into the stack for thread: 0x00007fa501806800
RSI=0x00007fa5006878a0 is an unknown value
RDI=0x0000000000000000 is an unknown value
R8 =0x0000000000000000 is an unknown value
R9 =0x00007fa5006878a0 is an unknown value
R10=0x000000011c9c1b21 is at code_begin+897 in an Interpreter codelet
method entry point (kind = native)  [0x000000011c9c17a0, 0x000000011c9c21e0]  2624 bytes
R11=0x000000012c301c80: <offset 0xcc80> in /Users/christophersjoblom/lwjgl-nightly-3.1.7/libMoltenVK.dylib at 0x000000012c2f5000
R12=0x0000000000000000 is an unknown value
R13={method} {0x000000010fa224c8} 'callPJJJI' '(JJJJJ)I' in 'org/lwjgl/system/JNI'
R14=0x00007fa5006878a0 is an unknown value
R15=0x0000000000000000 is an unknown value


Registers:
RAX=0x0000000000000000, RBX=0x0000000000000000, RCX=0x0000000000000000, RDX=0x0000000000000000
RSP=0x00007ffee977a700, RBP=0x00007ffee977a720, RSI=0x00007fa5006878a0, RDI=0x0000000000000000
R8 =0x0000000000000000, R9 =0x00007fa5006878a0, R10=0x000000011c9c1b21, R11=0x000000012c301c80
R12=0x0000000000000000, R13=0x000000010fa224c8, R14=0x00007fa5006878a0, R15=0x0000000000000000
RIP=0x000000012c2f67e3, EFLAGS=0x0000000000010212, ERR=0x0000000000000004
  TRAPNO=0x000000000000000e

Top of Stack: (sp=0x00007ffee977a700)
0x00007ffee977a700:   0000000000000000 000000010fa224c8
0x00007ffee977a710:   00007ffee977a838 00007fa501806800
0x00007ffee977a720:   00007ffee977a7d0 000000011c9c1b50
0x00007ffee977a730:   0000000000000000 000000012c7703a0
0x00007ffee977a740:   00007ffee977a770 0000000106885ec9
0x00007ffee977a750:   00007fa501806800 00007fa501806800
0x00007ffee977a760:   000000010fa224c8 00007ffee977a838
0x00007ffee977a770:   00007ffee977a7d0 000000011c9c189e
0x00007ffee977a780:   000000011c9c1856 00007ffee977a788
0x00007ffee977a790:   000000010fa224c8 00007ffee977a838
0x00007ffee977a7a0:   000000010fa425d0 0000000000000000
0x00007ffee977a7b0:   0000000747a945c0 000000010fa224c8
0x00007ffee977a7c0:   0000000000000000 00007ffee977a7f0
0x00007ffee977a7d0:   00007ffee977a888 000000011c9bb980
0x00007ffee977a7e0:   0000000747a945c0 000000011c9bead6
0x00007ffee977a7f0:   0000000000000000 0000000000000000
0x00007ffee977a800:   00007fa5006878a0 0000000000000000
0x00007ffee977a810:   0000000000000000 0000000000000000
0x00007ffee977a820:   00007fa5005f7220 0000000000000000
0x00007ffee977a830:   000000012c301c80 0000000000000000
0x00007ffee977a840:   00007ffee977a840 000000012c65f2fb
0x00007ffee977a850:   00007ffee977a8d8 000000012c684908
0x00007ffee977a860:   0000000000000000 00000007479d2e58
0x00007ffee977a870:   000000012c65f358 00007ffee977a7f0
0x00007ffee977a880:   00007ffee977a8a8 00007ffee977a928
0x00007ffee977a890:   000000011c9bb980 000000012c301c80
0x00007ffee977a8a0:   0000000000000000 0000000000000000
0x00007ffee977a8b0:   0000000000000000 00007fa5006878a0
0x00007ffee977a8c0:   0000000000000000 0000000000000000
0x00007ffee977a8d0:   0000000000000000 000000074760b6a0
0x00007ffee977a8e0:   00007ffee977a8e0 000000012c753087
0x00007ffee977a8f0:   00007ffee977a9a0 000000012c753d88 

Instructions: (pc=0x000000012c2f67e3)
0x000000012c2f67c3:   00 00 00 00 00 00 00 00 00 00 00 00 00 55 48 89
0x000000012c2f67d3:   e5 41 57 41 56 53 50 49 89 d7 49 89 f6 48 89 fb
0x000000012c2f67e3:   48 8b 7b 18 48 85 ff 74 08 48 89 de e8 1c 34 01
0x000000012c2f67f3:   00 4c 89 73 18 4c 89 7b 20 4d 85 f6 74 0b 4c 89 


---------------  P R O C E S S  ---------------

Threads class SMR info:
_java_thread_list=0x00007fa50040cac0, length=11, elements={
0x00007fa501806800, 0x00007fa501836000, 0x00007fa502006000, 0x00007fa50201c800,
0x00007fa50084d800, 0x00007fa50182a800, 0x00007fa501839000, 0x00007fa50107a800,
0x00007fa50085a800, 0x00007fa5020de800, 0x00007fa5020a7800
}

Java Threads: ( => current thread )
=>0x00007fa501806800 JavaThread "main" [_thread_in_native, id=775, stack(0x00007ffee8f7e000,0x00007ffee977e000)]
  0x00007fa501836000 JavaThread "Reference Handler" daemon [_thread_blocked, id=18947, stack(0x000070000200d000,0x000070000210d000)]
  0x00007fa502006000 JavaThread "Finalizer" daemon [_thread_blocked, id=18691, stack(0x0000700002110000,0x0000700002210000)]
  0x00007fa50201c800 JavaThread "Signal Dispatcher" daemon [_thread_blocked, id=43267, stack(0x0000700002296000,0x0000700002396000)]
  0x00007fa50084d800 JavaThread "C2 CompilerThread0" daemon [_thread_blocked, id=42755, stack(0x0000700002399000,0x0000700002499000)]
  0x00007fa50182a800 JavaThread "C2 CompilerThread1" daemon [_thread_blocked, id=22531, stack(0x000070000249c000,0x000070000259c000)]
  0x00007fa501839000 JavaThread "C1 CompilerThread2" daemon [_thread_blocked, id=23043, stack(0x000070000259f000,0x000070000269f000)]
  0x00007fa50107a800 JavaThread "Sweeper thread" daemon [_thread_blocked, id=23555, stack(0x00007000026a2000,0x00007000027a2000)]
  0x00007fa50085a800 JavaThread "Common-Cleaner" daemon [_thread_blocked, id=24067, stack(0x00007000027a5000,0x00007000028a5000)]
  0x00007fa5020de800 JavaThread "Monitor Ctrl-Break" daemon [_thread_in_native, id=24579, stack(0x00007000028a8000,0x00007000029a8000)]
  0x00007fa5020a7800 JavaThread "Service Thread" daemon [_thread_blocked, id=40451, stack(0x00007000029ab000,0x0000700002aab000)]

Other Threads:
  0x00007fa50181d800 VMThread "VM Thread" [stack: 0x0000700001f0a000,0x000070000200a000] [id=19715]
  0x00007fa501846000 WatcherThread [stack: 0x0000700002aae000,0x0000700002bae000] [id=40195]
  0x00007fa500813800 GCTaskThread "GC Thread#0" [stack: 0x00007000013e9000,0x00007000014e9000] [id=10755]
  0x00007fa500814000 GCTaskThread "GC Thread#1" [stack: 0x00007000014ec000,0x00007000015ec000] [id=11011]
  0x00007fa500815000 GCTaskThread "GC Thread#2" [stack: 0x00007000015ef000,0x00007000016ef000] [id=21251]
  0x00007fa500815800 GCTaskThread "GC Thread#3" [stack: 0x00007000016f2000,0x00007000017f2000] [id=11779]
  0x00007fa500840000 ConcurrentGCThread "G1 Main Marker" [stack: 0x00007000017f5000,0x00007000018f5000] [id=12291]
  0x00007fa502000000 ConcurrentGCThread "G1 Conc#0" [stack: 0x00007000018f8000,0x00007000019f8000] [id=13059]
  0x00007fa501049000 ConcurrentGCThread "G1 Refine#0" [stack: 0x00007000019fb000,0x0000700001afb000] [id=20483]
  0x00007fa50180f000 ConcurrentGCThread "G1 Refine#1" [stack: 0x0000700001afe000,0x0000700001bfe000] [id=13571]
  0x00007fa500841000 ConcurrentGCThread "G1 Refine#2" [stack: 0x0000700001c01000,0x0000700001d01000] [id=20227]
  0x00007fa501049800 ConcurrentGCThread "G1 Refine#3" [stack: 0x0000700001d04000,0x0000700001e04000] [id=19971]
  0x00007fa502001000 ConcurrentGCThread "G1 Young RemSet Sampling" [stack: 0x0000700001e07000,0x0000700001f07000] [id=14595]

Threads with active compile tasks:

VM state:not at safepoint (normal execution)

VM Mutex/Monitor currently owned by a thread: None

Heap address: 0x0000000740000000, size: 2048 MB, Compressed Oops mode: Zero based, Oop shift amount: 3
Narrow klass base: 0x0000000000000000, Narrow klass shift: 3
Compressed class space size: 1073741824 Address: 0x00000007c0000000

Heap:
 garbage-first heap   total 131072K, used 9216K [0x0000000740000000, 0x00000007c0000000)
  region size 1024K, 10 young (10240K), 0 survivors (0K)
 Metaspace       used 10402K, capacity 10613K, committed 11008K, reserved 1058816K
  class space    used 832K, capacity 900K, committed 1024K, reserved 1048576K
Heap Regions: E=young(eden), S=young(survivor), O=old, HS=humongous(starts), HC=humongous(continues), CS=collection set, F=free, A=archive, TS=gc time stamp, AC=allocation context, TAMS=top-at-mark-start (previous, next)
|   0|0x0000000740000000, 0x0000000740000000, 0x0000000740100000|  0%| F|  |TS  0|AC  0|TAMS 0x0000000740000000, 0x0000000740000000|
|   1|0x0000000740100000, 0x0000000740100000, 0x0000000740200000|  0%| F|  |TS  0|AC  0|TAMS 0x0000000740100000, 0x0000000740100000|
|   2|0x0000000740200000, 0x0000000740200000, 0x0000000740300000|  0%| F|  |TS  0|AC  0|TAMS 0x0000000740200000, 0x0000000740200000|
|   3|0x0000000740300000, 0x0000000740300000, 0x0000000740400000|  0%| F|  |TS  0|AC  0|TAMS 0x0000000740300000, 0x0000000740300000|
|   4|0x0000000740400000, 0x0000000740400000, 0x0000000740500000|  0%| F|  |TS  0|AC  0|TAMS 0x0000000740400000, 0x0000000740400000|
|   5|0x0000000740500000, 0x0000000740500000, 0x0000000740600000|  0%| F|  |TS  0|AC  0|TAMS 0x0000000740500000, 0x0000000740500000|
|   6|0x0000000740600000, 0x0000000740600000, 0x0000000740700000|  0%| F|  |TS  0|AC  0|TAMS 0x0000000740600000, 0x0000000740600000|
|   7|0x0000000740700000, 0x0000000740700000, 0x0000000740800000|  0%| F|  |TS  0|AC  0|TAMS 0x0000000740700000, 0x0000000740700000|
|   8|0x0000000740800000, 0x0000000740800000, 0x0000000740900000|  0%| F|  |TS  0|AC  0|TAMS 0x0000000740800000, 0x0000000740800000|
|   9|0x0000000740900000, 0x0000000740900000, 0x0000000740a00000|  0%| F|  |TS  0|AC  0|TAMS 0x0000000740900000, 0x0000000740900000|
|  10|0x0000000740a00000, 0x0000000740a00000, 0x0000000740b00000|  0%| F|  |TS  0|AC  0|TAMS 0x0000000740a00000, 0x0000000740a00000|
|  11|0x0000000740b00000, 0x0000000740b00000, 0x0000000740c00000|  0%| F|  |TS  0|AC  0|TAMS 0x0000000740b00000, 0x0000000740b00000|
|  12|0x0000000740c00000, 0x0000000740c00000, 0x0000000740d00000|  0%| F|  |TS  0|AC  0|TAMS 0x0000000740c00000, 0x0000000740c00000|
|  13|0x0000000740d00000, 0x0000000740d00000, 0x0000000740e00000|  0%| F|  |TS  0|AC  0|TAMS 0x0000000740d00000, 0x0000000740d00000|
|  14|0x0000000740e00000, 0x0000000740e00000, 0x0000000740f00000|  0%| F|  |TS  0|AC  0|TAMS 0x0000000740e00000, 0x0000000740e00000|
|  15|0x0000000740f00000, 0x0000000740f00000, 0x0000000741000000|  0%| F|  |TS  0|AC  0|TAMS 0x0000000740f00000, 0x0000000740f00000|
|  16|0x0000000741000000, 0x0000000741000000, 0x0000000741100000|  0%| F|  |TS  0|AC  0|TAMS 0x0000000741000000, 0x0000000741000000|
|  17|0x0000000741100000, 0x0000000741100000, 0x0000000741200000|  0%| F|  |TS  0|AC  0|TAMS 0x0000000741100000, 0x0000000741100000|
|  18|0x0000000741200000, 0x0000000741200000, 0x0000000741300000|  0%| F|  |TS  0|AC  0|TAMS 0x0000000741200000, 0x0000000741200000|
|  19|0x0000000741300000, 0x0000000741300000, 0x0000000741400000|  0%| F|  |TS  0|AC  0|TAMS 0x0000000741300000, 0x0000000741300000|
|  20|0x0000000741400000, 0x0000000741400000, 0x0000000741500000|  0%| F|  |TS  0|AC  0|TAMS 0x0000000741400000, 0x0000000741400000|
|  21|0x0000000741500000, 0x0000000741500000, 0x0000000741600000|  0%| F|  |TS  0|AC  0|TAMS 0x0000000741500000, 0x0000000741500000|
|  22|0x0000000741600000, 0x0000000741600000, 0x0000000741700000|  0%| F|  |TS  0|AC  0|TAMS 0x0000000741600000, 0x0000000741600000|
|  23|0x0000000741700000, 0x0000000741700000, 0x0000000741800000|  0%| F|  |TS  0|AC  0|TAMS 0x0000000741700000, 0x0000000741700000|
|  24|0x0000000741800000, 0x0000000741800000, 0x0000000741900000|  0%| F|  |TS  0|AC  0|TAMS 0x0000000741800000, 0x0000000741800000|
|  25|0x0000000741900000, 0x0000000741900000, 0x0000000741a00000|  0%| F|  |TS  0|AC  0|TAMS 0x0000000741900000, 0x0000000741900000|
|  26|0x0000000741a00000, 0x0000000741a00000, 0x0000000741b00000|  0%| F|  |TS  0|AC  0|TAMS 0x0000000741a00000, 0x0000000741a00000|
|  27|0x0000000741b00000, 0x0000000741b00000, 0x0000000741c00000|  0%| F|  |TS  0|AC  0|TAMS 0x0000000741b00000, 0x0000000741b00000|
|  28|0x0000000741c00000, 0x0000000741c00000, 0x0000000741d00000|  0%| F|  |TS  0|AC  0|TAMS 0x0000000741c00000, 0x0000000741c00000|
|  29|0x0000000741d00000, 0x0000000741d00000, 0x0000000741e00000|  0%| F|  |TS  0|AC  0|TAMS 0x0000000741d00000, 0x0000000741d00000|
|  30|0x0000000741e00000, 0x0000000741e00000, 0x0000000741f00000|  0%| F|  |TS  0|AC  0|TAMS 0x0000000741e00000, 0x0000000741e00000|
|  31|0x0000000741f00000, 0x0000000741f00000, 0x0000000742000000|  0%| F|  |TS  0|AC  0|TAMS 0x0000000741f00000, 0x0000000741f00000|
|  32|0x0000000742000000, 0x0000000742000000, 0x0000000742100000|  0%| F|  |TS  0|AC  0|TAMS 0x0000000742000000, 0x0000000742000000|
|  33|0x0000000742100000, 0x0000000742100000, 0x0000000742200000|  0%| F|  |TS  0|AC  0|TAMS 0x0000000742100000, 0x0000000742100000|
|  34|0x0000000742200000, 0x0000000742200000, 0x0000000742300000|  0%| F|  |TS  0|AC  0|TAMS 0x0000000742200000, 0x0000000742200000|
|  35|0x0000000742300000, 0x0000000742300000, 0x0000000742400000|  0%| F|  |TS  0|AC  0|TAMS 0x0000000742300000, 0x0000000742300000|
|  36|0x0000000742400000, 0x0000000742400000, 0x0000000742500000|  0%| F|  |TS  0|AC  0|TAMS 0x0000000742400000, 0x0000000742400000|
|  37|0x0000000742500000, 0x0000000742500000, 0x0000000742600000|  0%| F|  |TS  0|AC  0|TAMS 0x0000000742500000, 0x0000000742500000|
|  38|0x0000000742600000, 0x0000000742600000, 0x0000000742700000|  0%| F|  |TS  0|AC  0|TAMS 0x0000000742600000, 0x0000000742600000|
|  39|0x0000000742700000, 0x0000000742700000, 0x0000000742800000|  0%| F|  |TS  0|AC  0|TAMS 0x0000000742700000, 0x0000000742700000|
|  40|0x0000000742800000, 0x0000000742800000, 0x0000000742900000|  0%| F|  |TS  0|AC  0|TAMS 0x0000000742800000, 0x0000000742800000|
|  41|0x0000000742900000, 0x0000000742900000, 0x0000000742a00000|  0%| F|  |TS  0|AC  0|TAMS 0x0000000742900000, 0x0000000742900000|
|  42|0x0000000742a00000, 0x0000000742a00000, 0x0000000742b00000|  0%| F|  |TS  0|AC  0|TAMS 0x0000000742a00000, 0x0000000742a00000|
|  43|0x0000000742b00000, 0x0000000742b00000, 0x0000000742c00000|  0%| F|  |TS  0|AC  0|TAMS 0x0000000742b00000, 0x0000000742b00000|
|  44|0x0000000742c00000, 0x0000000742c00000, 0x0000000742d00000|  0%| F|  |TS  0|AC  0|TAMS 0x0000000742c00000, 0x0000000742c00000|
|  45|0x0000000742d00000, 0x0000000742d00000, 0x0000000742e00000|  0%| F|  |TS  0|AC  0|TAMS 0x0000000742d00000, 0x0000000742d00000|
|  46|0x0000000742e00000, 0x0000000742e00000, 0x0000000742f00000|  0%| F|  |TS  0|AC  0|TAMS 0x0000000742e00000, 0x0000000742e00000|
|  47|0x0000000742f00000, 0x0000000742f00000, 0x0000000743000000|  0%| F|  |TS  0|AC  0|TAMS 0x0000000742f00000, 0x0000000742f00000|
|  48|0x0000000743000000, 0x0000000743000000, 0x0000000743100000|  0%| F|  |TS  0|AC  0|TAMS 0x0000000743000000, 0x0000000743000000|
|  49|0x0000000743100000, 0x0000000743100000, 0x0000000743200000|  0%| F|  |TS  0|AC  0|TAMS 0x0000000743100000, 0x0000000743100000|
|  50|0x0000000743200000, 0x0000000743200000, 0x0000000743300000|  0%| F|  |TS  0|AC  0|TAMS 0x0000000743200000, 0x0000000743200000|
|  51|0x0000000743300000, 0x0000000743300000, 0x0000000743400000|  0%| F|  |TS  0|AC  0|TAMS 0x0000000743300000, 0x0000000743300000|
|  52|0x0000000743400000, 0x0000000743400000, 0x0000000743500000|  0%| F|  |TS  0|AC  0|TAMS 0x0000000743400000, 0x0000000743400000|
|  53|0x0000000743500000, 0x0000000743500000, 0x0000000743600000|  0%| F|  |TS  0|AC  0|TAMS 0x0000000743500000, 0x0000000743500000|
|  54|0x0000000743600000, 0x0000000743600000, 0x0000000743700000|  0%| F|  |TS  0|AC  0|TAMS 0x0000000743600000, 0x0000000743600000|
|  55|0x0000000743700000, 0x0000000743700000, 0x0000000743800000|  0%| F|  |TS  0|AC  0|TAMS 0x0000000743700000, 0x0000000743700000|
|  56|0x0000000743800000, 0x0000000743800000, 0x0000000743900000|  0%| F|  |TS  0|AC  0|TAMS 0x0000000743800000, 0x0000000743800000|
|  57|0x0000000743900000, 0x0000000743900000, 0x0000000743a00000|  0%| F|  |TS  0|AC  0|TAMS 0x0000000743900000, 0x0000000743900000|
|  58|0x0000000743a00000, 0x0000000743a00000, 0x0000000743b00000|  0%| F|  |TS  0|AC  0|TAMS 0x0000000743a00000, 0x0000000743a00000|
|  59|0x0000000743b00000, 0x0000000743b00000, 0x0000000743c00000|  0%| F|  |TS  0|AC  0|TAMS 0x0000000743b00000, 0x0000000743b00000|
|  60|0x0000000743c00000, 0x0000000743c00000, 0x0000000743d00000|  0%| F|  |TS  0|AC  0|TAMS 0x0000000743c00000, 0x0000000743c00000|
|  61|0x0000000743d00000, 0x0000000743d00000, 0x0000000743e00000|  0%| F|  |TS  0|AC  0|TAMS 0x0000000743d00000, 0x0000000743d00000|
|  62|0x0000000743e00000, 0x0000000743e00000, 0x0000000743f00000|  0%| F|  |TS  0|AC  0|TAMS 0x0000000743e00000, 0x0000000743e00000|
|  63|0x0000000743f00000, 0x0000000743f00000, 0x0000000744000000|  0%| F|  |TS  0|AC  0|TAMS 0x0000000743f00000, 0x0000000743f00000|
|  64|0x0000000744000000, 0x0000000744000000, 0x0000000744100000|  0%| F|  |TS  0|AC  0|TAMS 0x0000000744000000, 0x0000000744000000|
|  65|0x0000000744100000, 0x0000000744100000, 0x0000000744200000|  0%| F|  |TS  0|AC  0|TAMS 0x0000000744100000, 0x0000000744100000|
|  66|0x0000000744200000, 0x0000000744200000, 0x0000000744300000|  0%| F|  |TS  0|AC  0|TAMS 0x0000000744200000, 0x0000000744200000|
|  67|0x0000000744300000, 0x0000000744300000, 0x0000000744400000|  0%| F|  |TS  0|AC  0|TAMS 0x0000000744300000, 0x0000000744300000|
|  68|0x0000000744400000, 0x0000000744400000, 0x0000000744500000|  0%| F|  |TS  0|AC  0|TAMS 0x0000000744400000, 0x0000000744400000|
|  69|0x0000000744500000, 0x0000000744500000, 0x0000000744600000|  0%| F|  |TS  0|AC  0|TAMS 0x0000000744500000, 0x0000000744500000|
|  70|0x0000000744600000, 0x0000000744600000, 0x0000000744700000|  0%| F|  |TS  0|AC  0|TAMS 0x0000000744600000, 0x0000000744600000|
|  71|0x0000000744700000, 0x0000000744700000, 0x0000000744800000|  0%| F|  |TS  0|AC  0|TAMS 0x0000000744700000, 0x0000000744700000|
|  72|0x0000000744800000, 0x0000000744800000, 0x0000000744900000|  0%| F|  |TS  0|AC  0|TAMS 0x0000000744800000, 0x0000000744800000|
|  73|0x0000000744900000, 0x0000000744900000, 0x0000000744a00000|  0%| F|  |TS  0|AC  0|TAMS 0x0000000744900000, 0x0000000744900000|
|  74|0x0000000744a00000, 0x0000000744a00000, 0x0000000744b00000|  0%| F|  |TS  0|AC  0|TAMS 0x0000000744a00000, 0x0000000744a00000|
|  75|0x0000000744b00000, 0x0000000744b00000, 0x0000000744c00000|  0%| F|  |TS  0|AC  0|TAMS 0x0000000744b00000, 0x0000000744b00000|
|  76|0x0000000744c00000, 0x0000000744c00000, 0x0000000744d00000|  0%| F|  |TS  0|AC  0|TAMS 0x0000000744c00000, 0x0000000744c00000|
|  77|0x0000000744d00000, 0x0000000744d00000, 0x0000000744e00000|  0%| F|  |TS  0|AC  0|TAMS 0x0000000744d00000, 0x0000000744d00000|
|  78|0x0000000744e00000, 0x0000000744e00000, 0x0000000744f00000|  0%| F|  |TS  0|AC  0|TAMS 0x0000000744e00000, 0x0000000744e00000|
|  79|0x0000000744f00000, 0x0000000744f00000, 0x0000000745000000|  0%| F|  |TS  0|AC  0|TAMS 0x0000000744f00000, 0x0000000744f00000|
|  80|0x0000000745000000, 0x0000000745000000, 0x0000000745100000|  0%| F|  |TS  0|AC  0|TAMS 0x0000000745000000, 0x0000000745000000|
|  81|0x0000000745100000, 0x0000000745100000, 0x0000000745200000|  0%| F|  |TS  0|AC  0|TAMS 0x0000000745100000, 0x0000000745100000|
|  82|0x0000000745200000, 0x0000000745200000, 0x0000000745300000|  0%| F|  |TS  0|AC  0|TAMS 0x0000000745200000, 0x0000000745200000|
|  83|0x0000000745300000, 0x0000000745300000, 0x0000000745400000|  0%| F|  |TS  0|AC  0|TAMS 0x0000000745300000, 0x0000000745300000|
|  84|0x0000000745400000, 0x0000000745400000, 0x0000000745500000|  0%| F|  |TS  0|AC  0|TAMS 0x0000000745400000, 0x0000000745400000|
|  85|0x0000000745500000, 0x0000000745500000, 0x0000000745600000|  0%| F|  |TS  0|AC  0|TAMS 0x0000000745500000, 0x0000000745500000|
|  86|0x0000000745600000, 0x0000000745600000, 0x0000000745700000|  0%| F|  |TS  0|AC  0|TAMS 0x0000000745600000, 0x0000000745600000|
|  87|0x0000000745700000, 0x0000000745700000, 0x0000000745800000|  0%| F|  |TS  0|AC  0|TAMS 0x0000000745700000, 0x0000000745700000|
|  88|0x0000000745800000, 0x0000000745800000, 0x0000000745900000|  0%| F|  |TS  0|AC  0|TAMS 0x0000000745800000, 0x0000000745800000|
|  89|0x0000000745900000, 0x0000000745900000, 0x0000000745a00000|  0%| F|  |TS  0|AC  0|TAMS 0x0000000745900000, 0x0000000745900000|
|  90|0x0000000745a00000, 0x0000000745a00000, 0x0000000745b00000|  0%| F|  |TS  0|AC  0|TAMS 0x0000000745a00000, 0x0000000745a00000|
|  91|0x0000000745b00000, 0x0000000745b00000, 0x0000000745c00000|  0%| F|  |TS  0|AC  0|TAMS 0x0000000745b00000, 0x0000000745b00000|
|  92|0x0000000745c00000, 0x0000000745c00000, 0x0000000745d00000|  0%| F|  |TS  0|AC  0|TAMS 0x0000000745c00000, 0x0000000745c00000|
|  93|0x0000000745d00000, 0x0000000745d00000, 0x0000000745e00000|  0%| F|  |TS  0|AC  0|TAMS 0x0000000745d00000, 0x0000000745d00000|
|  94|0x0000000745e00000, 0x0000000745e00000, 0x0000000745f00000|  0%| F|  |TS  0|AC  0|TAMS 0x0000000745e00000, 0x0000000745e00000|
|  95|0x0000000745f00000, 0x0000000745f00000, 0x0000000746000000|  0%| F|  |TS  0|AC  0|TAMS 0x0000000745f00000, 0x0000000745f00000|
|  96|0x0000000746000000, 0x0000000746000000, 0x0000000746100000|  0%| F|  |TS  0|AC  0|TAMS 0x0000000746000000, 0x0000000746000000|
|  97|0x0000000746100000, 0x0000000746100000, 0x0000000746200000|  0%| F|  |TS  0|AC  0|TAMS 0x0000000746100000, 0x0000000746100000|
|  98|0x0000000746200000, 0x0000000746200000, 0x0000000746300000|  0%| F|  |TS  0|AC  0|TAMS 0x0000000746200000, 0x0000000746200000|
|  99|0x0000000746300000, 0x0000000746300000, 0x0000000746400000|  0%| F|  |TS  0|AC  0|TAMS 0x0000000746300000, 0x0000000746300000|
| 100|0x0000000746400000, 0x0000000746400000, 0x0000000746500000|  0%| F|  |TS  0|AC  0|TAMS 0x0000000746400000, 0x0000000746400000|
| 101|0x0000000746500000, 0x0000000746500000, 0x0000000746600000|  0%| F|  |TS  0|AC  0|TAMS 0x0000000746500000, 0x0000000746500000|
| 102|0x0000000746600000, 0x0000000746600000, 0x0000000746700000|  0%| F|  |TS  0|AC  0|TAMS 0x0000000746600000, 0x0000000746600000|
| 103|0x0000000746700000, 0x0000000746700000, 0x0000000746800000|  0%| F|  |TS  0|AC  0|TAMS 0x0000000746700000, 0x0000000746700000|
| 104|0x0000000746800000, 0x0000000746800000, 0x0000000746900000|  0%| F|  |TS  0|AC  0|TAMS 0x0000000746800000, 0x0000000746800000|
| 105|0x0000000746900000, 0x0000000746900000, 0x0000000746a00000|  0%| F|  |TS  0|AC  0|TAMS 0x0000000746900000, 0x0000000746900000|
| 106|0x0000000746a00000, 0x0000000746a00000, 0x0000000746b00000|  0%| F|  |TS  0|AC  0|TAMS 0x0000000746a00000, 0x0000000746a00000|
| 107|0x0000000746b00000, 0x0000000746b00000, 0x0000000746c00000|  0%| F|  |TS  0|AC  0|TAMS 0x0000000746b00000, 0x0000000746b00000|
| 108|0x0000000746c00000, 0x0000000746c00000, 0x0000000746d00000|  0%| F|  |TS  0|AC  0|TAMS 0x0000000746c00000, 0x0000000746c00000|
| 109|0x0000000746d00000, 0x0000000746d00000, 0x0000000746e00000|  0%| F|  |TS  0|AC  0|TAMS 0x0000000746d00000, 0x0000000746d00000|
| 110|0x0000000746e00000, 0x0000000746e00000, 0x0000000746f00000|  0%| F|  |TS  0|AC  0|TAMS 0x0000000746e00000, 0x0000000746e00000|
| 111|0x0000000746f00000, 0x0000000746f00000, 0x0000000747000000|  0%| F|  |TS  0|AC  0|TAMS 0x0000000746f00000, 0x0000000746f00000|
| 112|0x0000000747000000, 0x0000000747000000, 0x0000000747100000|  0%| F|  |TS  0|AC  0|TAMS 0x0000000747000000, 0x0000000747000000|
| 113|0x0000000747100000, 0x0000000747100000, 0x0000000747200000|  0%| F|  |TS  0|AC  0|TAMS 0x0000000747100000, 0x0000000747100000|
| 114|0x0000000747200000, 0x0000000747200000, 0x0000000747300000|  0%| F|  |TS  0|AC  0|TAMS 0x0000000747200000, 0x0000000747200000|
| 115|0x0000000747300000, 0x0000000747300000, 0x0000000747400000|  0%| F|  |TS  0|AC  0|TAMS 0x0000000747300000, 0x0000000747300000|
| 116|0x0000000747400000, 0x0000000747400000, 0x0000000747500000|  0%| F|  |TS  0|AC  0|TAMS 0x0000000747400000, 0x0000000747400000|
| 117|0x0000000747500000, 0x0000000747500000, 0x0000000747600000|  0%| F|  |TS  0|AC  0|TAMS 0x0000000747500000, 0x0000000747500000|
| 118|0x0000000747600000, 0x00000007476e77a8, 0x0000000747700000| 90%| E|  |TS  0|AC  0|TAMS 0x0000000747600000, 0x0000000747600000|
| 119|0x0000000747700000, 0x0000000747800000, 0x0000000747800000|100%| E|CS|TS  0|AC  0|TAMS 0x0000000747700000, 0x0000000747700000|
| 120|0x0000000747800000, 0x0000000747900000, 0x0000000747900000|100%| E|CS|TS  0|AC  0|TAMS 0x0000000747800000, 0x0000000747800000|
| 121|0x0000000747900000, 0x0000000747a00000, 0x0000000747a00000|100%| E|CS|TS  0|AC  0|TAMS 0x0000000747900000, 0x0000000747900000|
| 122|0x0000000747a00000, 0x0000000747b00000, 0x0000000747b00000|100%| E|CS|TS  0|AC  0|TAMS 0x0000000747a00000, 0x0000000747a00000|
| 123|0x0000000747b00000, 0x0000000747c00000, 0x0000000747c00000|100%| E|CS|TS  0|AC  0|TAMS 0x0000000747b00000, 0x0000000747b00000|
| 124|0x0000000747c00000, 0x0000000747d00000, 0x0000000747d00000|100%| E|CS|TS  0|AC  0|TAMS 0x0000000747c00000, 0x0000000747c00000|
| 125|0x0000000747d00000, 0x0000000747e00000, 0x0000000747e00000|100%| E|CS|TS  0|AC  0|TAMS 0x0000000747d00000, 0x0000000747d00000|
| 126|0x0000000747e00000, 0x0000000747f00000, 0x0000000747f00000|100%| E|CS|TS  0|AC  0|TAMS 0x0000000747e00000, 0x0000000747e00000|
| 127|0x0000000747f00000, 0x0000000748000000, 0x0000000748000000|100%| E|CS|TS  0|AC  0|TAMS 0x0000000747f00000, 0x0000000747f00000|

Card table byte_map: [0x00000001085d6000,0x00000001089d6000] byte_map_base: 0x0000000104bd6000

Marking Bits (Prev, Next): (CMBitMap*) 0x00007fa50083f660, (CMBitMap*) 0x00007fa50083f698
 Prev Bits: [0x0000000108dd6000, 0x000000010add6000)
 Next Bits: [0x000000010add6000, 0x000000010cdd6000)

Polling page: 0x0000000107297000

CodeHeap 'non-profiled nmethods': size=120032Kb used=220Kb max_used=220Kb free=119811Kb
 bounds [0x000000012447a000, 0x00000001246ea000, 0x000000012b9b2000]
CodeHeap 'profiled nmethods': size=120032Kb used=1055Kb max_used=1055Kb free=118976Kb
 bounds [0x000000011cf42000, 0x000000011d1b2000, 0x000000012447a000]
CodeHeap 'non-nmethods': size=5696Kb used=1338Kb max_used=1352Kb free=4357Kb
 bounds [0x000000011c9b2000, 0x000000011cc22000, 0x000000011cf42000]
 total_blobs=1641 nmethods=658 adapters=735
 compilation: enabled

Compilation events (10 events):
Event: 10.528 Thread 0x00007fa501839000  654       3       jdk.internal.loader.BuiltinClassLoader::hasClassPath (13 bytes)
Event: 10.528 Thread 0x00007fa501839000 nmethod 654 0x000000011d046b10 code [0x000000011d046cc0, 0x000000011d046e70]
Event: 10.528 Thread 0x00007fa501839000  655       3       jdk.internal.misc.VM::isModuleSystemInited (13 bytes)
Event: 10.528 Thread 0x00007fa501839000 nmethod 655 0x000000011d046f10 code [0x000000011d0470c0, 0x000000011d0472b0]
Event: 10.528 Thread 0x00007fa501839000  656       3       java.lang.ClassLoader::checkPackageAccess (102 bytes)
Event: 10.529 Thread 0x00007fa501839000 nmethod 656 0x000000011d047390 code [0x000000011d047640, 0x000000011d048188]
Event: 10.529 Thread 0x00007fa501839000  657       3       org.lwjgl.system.MemoryStack::pop (22 bytes)
Event: 10.530 Thread 0x00007fa501839000 nmethod 657 0x000000011d048690 code [0x000000011d048840, 0x000000011d0489d0]
Event: 10.532 Thread 0x00007fa501839000  658       3       java.security.CodeSource::getCertificates (98 bytes)
Event: 10.533 Thread 0x00007fa501839000 nmethod 658 0x000000011d048a90 code [0x000000011d048d20, 0x000000011d049938]

GC Heap History (0 events):
No events

Deoptimization events (3 events):
Event: 0.198 Thread 0x00007fa501806800 Uncommon trap: reason=unstable_if action=reinterpret pc=0x000000012447d0ec method=java.lang.String.hashCode()I @ 14 c2
Event: 0.242 Thread 0x00007fa501806800 Uncommon trap: reason=unstable_if action=reinterpret pc=0x0000000124484710 method=java.util.HashMap.putVal(ILjava/lang/Object;Ljava/lang/Object;ZZ)Ljava/lang/Object; @ 69 c2
Event: 0.358 Thread 0x00007fa501806800 Uncommon trap: reason=unstable_if action=reinterpret pc=0x0000000124488f90 method=java.lang.String.isLatin1()Z @ 10 c2

Classes redefined (0 events):
No events

Internal exceptions (10 events):
Event: 0.319 Thread 0x00007fa501806800 Exception <a 'java/lang/NoSuchMethodError'{0x0000000747b09708}: java.lang.invoke.DirectMethodHandle$Holder.invokeStatic(Ljava/lang/Object;Ljava/lang/Object;)I> (0x0000000747b09708) thrown at [/scratch/mesos/slaves/9190d864-6621-4810-ba08-d8d8c75ba674-S34/
Event: 0.323 Thread 0x00007fa501806800 Exception <a 'java/lang/NoSuchMethodError'{0x0000000747b1b108}: method resolution failed> (0x0000000747b1b108) thrown at [/scratch/mesos/slaves/9190d864-6621-4810-ba08-d8d8c75ba674-S34/frameworks/1735e8a2-a1db-478c-8104-60c8b0af87dd-0196/executors/f87b489
Event: 0.323 Thread 0x00007fa501806800 Exception <a 'java/lang/NoSuchMethodError'{0x0000000747b1ed08}: method resolution failed> (0x0000000747b1ed08) thrown at [/scratch/mesos/slaves/9190d864-6621-4810-ba08-d8d8c75ba674-S34/frameworks/1735e8a2-a1db-478c-8104-60c8b0af87dd-0196/executors/f87b489
Event: 0.323 Thread 0x00007fa501806800 Exception <a 'java/lang/NoSuchMethodError'{0x0000000747b22308}: java.lang.invoke.DelegatingMethodHandle$Holder.delegate(Ljava/lang/Object;Ljava/lang/Object;ILjava/lang/Object;)V> (0x0000000747b22308) thrown at [/scratch/mesos/slaves/9190d864-6621-4810-ba0
Event: 0.324 Thread 0x00007fa501806800 Exception <a 'java/lang/NoSuchMethodError'{0x0000000747b25de8}: method resolution failed> (0x0000000747b25de8) thrown at [/scratch/mesos/slaves/9190d864-6621-4810-ba08-d8d8c75ba674-S34/frameworks/1735e8a2-a1db-478c-8104-60c8b0af87dd-0196/executors/f87b489
Event: 0.325 Thread 0x00007fa501806800 Exception <a 'java/lang/NoSuchMethodError'{0x0000000747b2cce8}: java.lang.invoke.DirectMethodHandle$Holder.invokeStaticInit(Ljava/lang/Object;Ljava/lang/Object;Ljava/lang/Object;)Ljava/lang/Object;> (0x0000000747b2cce8) thrown at [/scratch/mesos/slaves/91
Event: 10.439 Thread 0x00007fa501806800 Exception <a 'java/lang/NoSuchMethodError'{0x00000007479653e8}: java.lang.invoke.DirectMethodHandle$Holder.invokeStatic(Ljava/lang/Object;Ljava/lang/Object;Ljava/lang/Object;)I> (0x00000007479653e8) thrown at [/scratch/mesos/slaves/9190d864-6621-4810-ba08
Event: 10.469 Thread 0x00007fa501806800 Exception <a 'java/lang/NoSuchMethodError'{0x000000074787e2e8}: method resolution failed> (0x000000074787e2e8) thrown at [/scratch/mesos/slaves/9190d864-6621-4810-ba08-d8d8c75ba674-S34/frameworks/1735e8a2-a1db-478c-8104-60c8b0af87dd-0196/executors/f87b489
Event: 10.469 Thread 0x00007fa501806800 Exception <a 'java/lang/NoSuchMethodError'{0x0000000747883e28}: method resolution failed> (0x0000000747883e28) thrown at [/scratch/mesos/slaves/9190d864-6621-4810-ba08-d8d8c75ba674-S34/frameworks/1735e8a2-a1db-478c-8104-60c8b0af87dd-0196/executors/f87b489
Event: 10.470 Thread 0x00007fa501806800 Exception <a 'java/lang/NoSuchMethodError'{0x00000007478874f8}: method resolution failed> (0x00000007478874f8) thrown at [/scratch/mesos/slaves/9190d864-6621-4810-ba08-d8d8c75ba674-S34/frameworks/1735e8a2-a1db-478c-8104-60c8b0af87dd-0196/executors/f87b489

Events (10 events):
Event: 10.531 loading class rain/vulkan/VertexBuffer
Event: 10.531 loading class rain/vulkan/VertexBuffer done
Event: 10.531 loading class org/lwjgl/vulkan/VkBufferCreateInfo
Event: 10.531 loading class org/lwjgl/vulkan/VkBufferCreateInfo done
Event: 10.532 loading class org/lwjgl/vulkan/VkMemoryRequirements
Event: 10.532 loading class org/lwjgl/vulkan/VkMemoryRequirements done
Event: 10.534 loading class org/lwjgl/vulkan/VkMemoryAllocateInfo
Event: 10.534 loading class org/lwjgl/vulkan/VkMemoryAllocateInfo done
Event: 10.535 loading class rain/vulkan/VertexBuffer$Buffer
Event: 10.535 loading class rain/vulkan/VertexBuffer$Buffer done


Dynamic libraries:
0x00007fff31227000 	/System/Library/Frameworks/Cocoa.framework/Versions/A/Cocoa
0x00007fff3d840000 	/System/Library/Frameworks/Security.framework/Versions/A/Security
0x00007fff2fe69000 	/System/Library/Frameworks/ApplicationServices.framework/Versions/A/ApplicationServices
0x00007fff59688000 	/usr/lib/libz.1.dylib
0x00007fff575b9000 	/usr/lib/libSystem.B.dylib
0x00007fff319da000 	/System/Library/Frameworks/CoreFoundation.framework/Versions/A/CoreFoundation
0x00007fff33b3b000 	/System/Library/Frameworks/Foundation.framework/Versions/C/Foundation
0x00007fff58c72000 	/usr/lib/libobjc.A.dylib
0x00007fff2efb9000 	/System/Library/Frameworks/AppKit.framework/Versions/C/AppKit
0x00007fff3159f000 	/System/Library/Frameworks/CoreData.framework/Versions/A/CoreData
0x00007fff50efe000 	/System/Library/PrivateFrameworks/RemoteViewServices.framework/Versions/A/RemoteViewServices
0x00007fff5565e000 	/System/Library/PrivateFrameworks/UIFoundation.framework/Versions/A/UIFoundation
0x00007fff45d08000 	/System/Library/PrivateFrameworks/DFRFoundation.framework/Versions/A/DFRFoundation
0x00007fff361a7000 	/System/Library/Frameworks/Metal.framework/Versions/A/Metal
0x00007fff45ea5000 	/System/Library/PrivateFrameworks/DesktopServicesPriv.framework/Versions/A/DesktopServicesPriv
0x00007fff581bf000 	/usr/lib/libenergytrace.dylib
0x00007fff536c9000 	/System/Library/PrivateFrameworks/SkyLight.framework/Versions/A/SkyLight
0x00007fff31e7d000 	/System/Library/Frameworks/CoreGraphics.framework/Versions/A/CoreGraphics
0x00007fff575b4000 	/usr/lib/libScreenReader.dylib
0x00007fff2df53000 	/System/Library/Frameworks/Accelerate.framework/Versions/A/Accelerate
0x00007fff342b5000 	/System/Library/Frameworks/IOSurface.framework/Versions/A/IOSurface
0x00007fff303b3000 	/System/Library/Frameworks/AudioToolbox.framework/Versions/A/AudioToolbox
0x00007fff30643000 	/System/Library/Frameworks/AudioUnit.framework/Versions/A/AudioUnit
0x00007fff45da0000 	/System/Library/PrivateFrameworks/DataDetectorsCore.framework/Versions/A/DataDetectorsCore
0x00007fff30d1a000 	/System/Library/Frameworks/Carbon.framework/Versions/A/Frameworks/HIToolbox.framework/Versions/A/HIToolbox
0x00007fff58319000 	/usr/lib/libicucore.A.dylib
0x00007fff3cdbf000 	/System/Library/Frameworks/QuartzCore.framework/Versions/A/QuartzCore
0x00007fff52980000 	/System/Library/PrivateFrameworks/SignpostNotification.framework/Versions/A/SignpostNotification
0x00007fff31100000 	/System/Library/Frameworks/Carbon.framework/Versions/A/Frameworks/SpeechRecognition.framework/Versions/A/SpeechRecognition
0x00007fff57715000 	/usr/lib/libauto.dylib
0x00007fff59577000 	/usr/lib/libxml2.2.dylib
0x00007fff45959000 	/System/Library/PrivateFrameworks/CoreUI.framework/Versions/A/CoreUI
0x00007fff3147b000 	/System/Library/Frameworks/CoreAudio.framework/Versions/A/CoreAudio
0x00007fff33975000 	/System/Library/Frameworks/DiskArbitration.framework/Versions/A/DiskArbitration
0x00007fff5858d000 	/usr/lib/liblangid.dylib
0x00007fff4d404000 	/System/Library/PrivateFrameworks/MultitouchSupport.framework/Versions/A/MultitouchSupport
0x00007fff34218000 	/System/Library/Frameworks/IOKit.framework/Versions/A/IOKit
0x00007fff57243000 	/usr/lib/libDiagnosticMessagesClient.dylib
0x00007fff32b53000 	/System/Library/Frameworks/CoreServices.framework/Versions/A/CoreServices
0x00007fff4ef36000 	/System/Library/PrivateFrameworks/PerformanceAnalysis.framework/Versions/A/PerformanceAnalysis
0x00007fff3bf61000 	/System/Library/Frameworks/OpenGL.framework/Versions/A/OpenGL
0x00007fff31235000 	/System/Library/Frameworks/ColorSync.framework/Versions/A/ColorSync
0x00007fff3248f000 	/System/Library/Frameworks/CoreImage.framework/Versions/A/CoreImage
0x00007fff334e3000 	/System/Library/Frameworks/CoreText.framework/Versions/A/CoreText
0x00007fff34313000 	/System/Library/Frameworks/ImageIO.framework/Versions/A/ImageIO
0x00007fff42650000 	/System/Library/PrivateFrameworks/Backup.framework/Versions/A/Backup
0x00007fff57665000 	/usr/lib/libarchive.2.dylib
0x00007fff30966000 	/System/Library/Frameworks/CFNetwork.framework/Versions/A/CFNetwork
0x00007fff3dfd3000 	/System/Library/Frameworks/SystemConfiguration.framework/Versions/A/SystemConfiguration
0x00007fff5716c000 	/usr/lib/libCRFSuite.dylib
0x00007fff577ee000 	/usr/lib/libc++.1.dylib
0x00007fff57845000 	/usr/lib/libc++abi.dylib
0x00007fff59736000 	/usr/lib/system/libcache.dylib
0x00007fff5973b000 	/usr/lib/system/libcommonCrypto.dylib
0x00007fff59746000 	/usr/lib/system/libcompiler_rt.dylib
0x00007fff5974e000 	/usr/lib/system/libcopyfile.dylib
0x00007fff59758000 	/usr/lib/system/libcorecrypto.dylib
0x00007fff59865000 	/usr/lib/system/libdispatch.dylib
0x00007fff5989f000 	/usr/lib/system/libdyld.dylib
0x00007fff598bd000 	/usr/lib/system/libkeymgr.dylib
0x00007fff598cb000 	/usr/lib/system/liblaunch.dylib
0x00007fff598cc000 	/usr/lib/system/libmacho.dylib
0x00007fff598d1000 	/usr/lib/system/libquarantine.dylib
0x00007fff598d4000 	/usr/lib/system/libremovefile.dylib
0x00007fff598d6000 	/usr/lib/system/libsystem_asl.dylib
0x00007fff598ee000 	/usr/lib/system/libsystem_blocks.dylib
0x00007fff598ef000 	/usr/lib/system/libsystem_c.dylib
0x00007fff59979000 	/usr/lib/system/libsystem_configuration.dylib
0x00007fff5997d000 	/usr/lib/system/libsystem_coreservices.dylib
0x00007fff59981000 	/usr/lib/system/libsystem_darwin.dylib
0x00007fff59983000 	/usr/lib/system/libsystem_dnssd.dylib
0x00007fff5998a000 	/usr/lib/system/libsystem_info.dylib
0x00007fff599fb000 	/usr/lib/system/libsystem_m.dylib
0x00007fff59a47000 	/usr/lib/system/libsystem_malloc.dylib
0x00007fff59a67000 	/usr/lib/system/libsystem_network.dylib
0x00007fff59b98000 	/usr/lib/system/libsystem_networkextension.dylib
0x00007fff59ba3000 	/usr/lib/system/libsystem_notify.dylib
0x00007fff59bc1000 	/usr/lib/system/libsystem_sandbox.dylib
0x00007fff59bc5000 	/usr/lib/system/libsystem_secinit.dylib
0x00007fff599d4000 	/usr/lib/system/libsystem_kernel.dylib
0x00007fff59bad000 	/usr/lib/system/libsystem_platform.dylib
0x00007fff59bb5000 	/usr/lib/system/libsystem_pthread.dylib
0x00007fff59bc7000 	/usr/lib/system/libsystem_symptoms.dylib
0x00007fff59bcf000 	/usr/lib/system/libsystem_trace.dylib
0x00007fff59be4000 	/usr/lib/system/libunwind.dylib
0x00007fff59bea000 	/usr/lib/system/libxpc.dylib
0x00007fff5707f000 	/usr/lib/closure/libclosured.dylib
0x00007fff577cf000 	/usr/lib/libbsm.0.dylib
0x00007fff598be000 	/usr/lib/system/libkxld.dylib
0x00007fff5747d000 	/usr/lib/libOpenScriptingUtil.dylib
0x00007fff57b3e000 	/usr/lib/libcoretls.dylib
0x00007fff57b57000 	/usr/lib/libcoretls_cfhelpers.dylib
0x00007fff59073000 	/usr/lib/libpam.2.dylib
0x00007fff5919a000 	/usr/lib/libsqlite3.dylib
0x00007fff59566000 	/usr/lib/libxar.1.dylib
0x00007fff577e0000 	/usr/lib/libbz2.1.0.dylib
0x00007fff5858f000 	/usr/lib/liblzma.5.dylib
0x00007fff58a70000 	/usr/lib/libnetwork.dylib
0x00007fff5764e000 	/usr/lib/libapple_nghttp2.dylib
0x00007fff5907a000 	/usr/lib/libpcap.A.dylib
0x00007fff57716000 	/usr/lib/libboringssl.dylib
0x00007fff59501000 	/usr/lib/libusrtcp.dylib
0x00007fff5764d000 	/usr/lib/libapple_crypto.dylib
0x00007fff32ed6000 	/System/Library/Frameworks/CoreServices.framework/Versions/A/Frameworks/FSEvents.framework/Versions/A/FSEvents
0x00007fff32bc9000 	/System/Library/Frameworks/CoreServices.framework/Versions/A/Frameworks/CarbonCore.framework/Versions/A/CarbonCore
0x00007fff3309d000 	/System/Library/Frameworks/CoreServices.framework/Versions/A/Frameworks/Metadata.framework/Versions/A/Metadata
0x00007fff3314e000 	/System/Library/Frameworks/CoreServices.framework/Versions/A/Frameworks/OSServices.framework/Versions/A/OSServices
0x00007fff331af000 	/System/Library/Frameworks/CoreServices.framework/Versions/A/Frameworks/SearchKit.framework/Versions/A/SearchKit
0x00007fff32b54000 	/System/Library/Frameworks/CoreServices.framework/Versions/A/Frameworks/AE.framework/Versions/A/AE
0x00007fff32edf000 	/System/Library/Frameworks/CoreServices.framework/Versions/A/Frameworks/LaunchServices.framework/Versions/A/LaunchServices
0x00007fff32ea1000 	/System/Library/Frameworks/CoreServices.framework/Versions/A/Frameworks/DictionaryServices.framework/Versions/A/DictionaryServices
0x00007fff3321e000 	/System/Library/Frameworks/CoreServices.framework/Versions/A/Frameworks/SharedFileList.framework/Versions/A/SharedFileList
0x00007fff373dd000 	/System/Library/Frameworks/NetFS.framework/Versions/A/NetFS
0x00007fff4d695000 	/System/Library/PrivateFrameworks/NetAuth.framework/Versions/A/NetAuth
0x00007fff56f16000 	/System/Library/PrivateFrameworks/login.framework/Versions/A/Frameworks/loginsupport.framework/Versions/A/loginsupport
0x00007fff552db000 	/System/Library/PrivateFrameworks/TCC.framework/Versions/A/TCC
0x00007fff58670000 	/usr/lib/libmecabra.dylib
0x00007fff2fe6a000 	/System/Library/Frameworks/ApplicationServices.framework/Versions/A/Frameworks/ATS.framework/Versions/A/ATS
0x00007fff30218000 	/System/Library/Frameworks/ApplicationServices.framework/Versions/A/Frameworks/ColorSyncLegacy.framework/Versions/A/ColorSyncLegacy
0x00007fff302bc000 	/System/Library/Frameworks/ApplicationServices.framework/Versions/A/Frameworks/HIServices.framework/Versions/A/HIServices
0x00007fff3030f000 	/System/Library/Frameworks/ApplicationServices.framework/Versions/A/Frameworks/LangAnalysis.framework/Versions/A/LangAnalysis
0x00007fff3031e000 	/System/Library/Frameworks/ApplicationServices.framework/Versions/A/Frameworks/PrintCore.framework/Versions/A/PrintCore
0x00007fff3036b000 	/System/Library/Frameworks/ApplicationServices.framework/Versions/A/Frameworks/QD.framework/Versions/A/QD
0x00007fff303a6000 	/System/Library/Frameworks/ApplicationServices.framework/Versions/A/Frameworks/SpeechSynthesis.framework/Versions/A/SpeechSynthesis
0x00007fff318f6000 	/System/Library/Frameworks/CoreDisplay.framework/Versions/A/CoreDisplay
0x00007fff2df6b000 	/System/Library/Frameworks/Accelerate.framework/Versions/A/Frameworks/vImage.framework/Versions/A/vImage
0x00007fff2ecc5000 	/System/Library/Frameworks/Accelerate.framework/Versions/A/Frameworks/vecLib.framework/Versions/A/vecLib
0x00007fff2ea65000 	/System/Library/Frameworks/Accelerate.framework/Versions/A/Frameworks/vecLib.framework/Versions/A/libvDSP.dylib
0x00007fff2e5c5000 	/System/Library/Frameworks/Accelerate.framework/Versions/A/Frameworks/vecLib.framework/Versions/A/libBNNS.dylib
0x00007fff2e9ca000 	/System/Library/Frameworks/Accelerate.framework/Versions/A/Frameworks/vecLib.framework/Versions/A/libQuadrature.dylib
0x00007fff2ec13000 	/System/Library/Frameworks/Accelerate.framework/Versions/A/Frameworks/vecLib.framework/Versions/A/libvMisc.dylib
0x00007fff2e5f4000 	/System/Library/Frameworks/Accelerate.framework/Versions/A/Frameworks/vecLib.framework/Versions/A/libLAPACK.dylib
0x00007fff2e46a000 	/System/Library/Frameworks/Accelerate.framework/Versions/A/Frameworks/vecLib.framework/Versions/A/libBLAS.dylib
0x00007fff2e9b4000 	/System/Library/Frameworks/Accelerate.framework/Versions/A/Frameworks/vecLib.framework/Versions/A/libLinearAlgebra.dylib
0x00007fff2e9d0000 	/System/Library/Frameworks/Accelerate.framework/Versions/A/Frameworks/vecLib.framework/Versions/A/libSparse.dylib
0x00007fff2ea51000 	/System/Library/Frameworks/Accelerate.framework/Versions/A/Frameworks/vecLib.framework/Versions/A/libSparseBLAS.dylib
0x00007fff4a4e4000 	/System/Library/PrivateFrameworks/GPUWrangler.framework/Versions/A/GPUWrangler
0x00007fff4bc75000 	/System/Library/PrivateFrameworks/IOAccelerator.framework/Versions/A/IOAccelerator
0x00007fff4bc80000 	/System/Library/PrivateFrameworks/IOPresentment.framework/Versions/A/IOPresentment
0x00007fff45d1a000 	/System/Library/PrivateFrameworks/DSExternalDisplay.framework/Versions/A/DSExternalDisplay
0x00007fff3b3e0000 	/System/Library/Frameworks/OpenGL.framework/Versions/A/Libraries/libCoreFSCache.dylib
0x00007fff33634000 	/System/Library/Frameworks/CoreVideo.framework/Versions/A/CoreVideo
0x00007fff4b25f000 	/System/Library/PrivateFrameworks/GraphVisualizer.framework/Versions/A/GraphVisualizer
0x00007fff363de000 	/System/Library/Frameworks/MetalPerformanceShaders.framework/Versions/A/MetalPerformanceShaders
0x00007fff5727b000 	/usr/lib/libFosl_dynamic.dylib
0x00007fff46dee000 	/System/Library/PrivateFrameworks/FaceCore.framework/Versions/A/FaceCore
0x00007fff3a1db000 	/System/Library/Frameworks/OpenCL.framework/Versions/A/OpenCL
0x00007fff5787c000 	/usr/lib/libcompression.dylib
0x00007fff2ff69000 	/System/Library/Frameworks/ApplicationServices.framework/Versions/A/Frameworks/ATS.framework/Versions/A/Resources/libFontParser.dylib
0x00007fff3008c000 	/System/Library/Frameworks/ApplicationServices.framework/Versions/A/Frameworks/ATS.framework/Versions/A/Resources/libFontRegistry.dylib
0x00007fff3457b000 	/System/Library/Frameworks/ImageIO.framework/Versions/A/Resources/libJPEG.dylib
0x00007fff348a4000 	/System/Library/Frameworks/ImageIO.framework/Versions/A/Resources/libTIFF.dylib
0x00007fff3487a000 	/System/Library/Frameworks/ImageIO.framework/Versions/A/Resources/libPng.dylib
0x00007fff3448e000 	/System/Library/Frameworks/ImageIO.framework/Versions/A/Resources/libGIF.dylib
0x00007fff34493000 	/System/Library/Frameworks/ImageIO.framework/Versions/A/Resources/libJP2.dylib
0x00007fff348a1000 	/System/Library/Frameworks/ImageIO.framework/Versions/A/Resources/libRadiance.dylib
0x00007fff41d7b000 	/System/Library/PrivateFrameworks/AppleJPEG.framework/Versions/A/AppleJPEG
0x00007fff36245000 	/System/Library/Frameworks/MetalPerformanceShaders.framework/Frameworks/MPSCore.framework/Versions/A/MPSCore
0x00007fff36261000 	/System/Library/Frameworks/MetalPerformanceShaders.framework/Frameworks/MPSImage.framework/Versions/A/MPSImage
0x00007fff362f6000 	/System/Library/Frameworks/MetalPerformanceShaders.framework/Frameworks/MPSNeuralNetwork.framework/Versions/A/MPSNeuralNetwork
0x00007fff362d1000 	/System/Library/Frameworks/MetalPerformanceShaders.framework/Frameworks/MPSMatrix.framework/Versions/A/MPSMatrix
0x00007fff4d176000 	/System/Library/PrivateFrameworks/MetalTools.framework/Versions/A/MetalTools
0x00007fff3b5ab000 	/System/Library/Frameworks/OpenGL.framework/Versions/A/Libraries/libGLU.dylib
0x00007fff3b3eb000 	/System/Library/Frameworks/OpenGL.framework/Versions/A/Libraries/libGFXShared.dylib
0x00007fff3b3f5000 	/System/Library/Frameworks/OpenGL.framework/Versions/A/Libraries/libGL.dylib
0x00007fff3b401000 	/System/Library/Frameworks/OpenGL.framework/Versions/A/Libraries/libGLImage.dylib
0x00007fff3b3dd000 	/System/Library/Frameworks/OpenGL.framework/Versions/A/Libraries/libCVMSPluginSupport.dylib
0x00007fff3b3e6000 	/System/Library/Frameworks/OpenGL.framework/Versions/A/Libraries/libCoreVMClient.dylib
0x00007fff58029000 	/usr/lib/libcups.2.dylib
0x00007fff357ac000 	/System/Library/Frameworks/Kerberos.framework/Versions/A/Kerberos
0x00007fff33f72000 	/System/Library/Frameworks/GSS.framework/Versions/A/GSS
0x00007fff5912d000 	/usr/lib/libresolv.9.dylib
0x00007fff58227000 	/usr/lib/libiconv.2.dylib
0x00007fff4b2f1000 	/System/Library/PrivateFrameworks/Heimdal.framework/Versions/A/Heimdal
0x00007fff581f6000 	/usr/lib/libheimdal-asn1.dylib
0x00007fff3a253000 	/System/Library/Frameworks/OpenDirectory.framework/Versions/A/OpenDirectory
0x00007fff44091000 	/System/Library/PrivateFrameworks/CommonAuth.framework/Versions/A/CommonAuth
0x00007fff3a236000 	/System/Library/Frameworks/OpenDirectory.framework/Versions/A/Frameworks/CFOpenDirectory.framework/Versions/A/CFOpenDirectory
0x00007fff3db6c000 	/System/Library/Frameworks/SecurityFoundation.framework/Versions/A/SecurityFoundation
0x00007fff40f40000 	/System/Library/PrivateFrameworks/APFS.framework/Versions/A/APFS
0x00007fff59562000 	/usr/lib/libutil.dylib
0x00007fff41dfe000 	/System/Library/PrivateFrameworks/AppleSauce.framework/Versions/A/AppleSauce
0x00007fff4c45d000 	/System/Library/PrivateFrameworks/LinguisticData.framework/Versions/A/LinguisticData
0x00007fff585a9000 	/usr/lib/libmarisa.dylib
0x00007fff4c417000 	/System/Library/PrivateFrameworks/Lexicon.framework/Versions/A/Lexicon
0x00007fff571a6000 	/usr/lib/libChineseTokenizer.dylib
0x00007fff5786b000 	/usr/lib/libcmph.dylib
0x00007fff4c321000 	/System/Library/PrivateFrameworks/LanguageModeling.framework/Versions/A/LanguageModeling
0x00007fff44ba0000 	/System/Library/PrivateFrameworks/CoreEmoji.framework/Versions/A/CoreEmoji
0x00007fff3dc2a000 	/System/Library/Frameworks/ServiceManagement.framework/Versions/A/ServiceManagement
0x00007fff42648000 	/System/Library/PrivateFrameworks/BackgroundTaskManagement.framework/Versions/A/BackgroundTaskManagement
0x00007fff5965f000 	/usr/lib/libxslt.1.dylib
0x00007fff3102a000 	/System/Library/Frameworks/Carbon.framework/Versions/A/Frameworks/Ink.framework/Versions/A/Ink
0x00007fff554f0000 	/System/Library/PrivateFrameworks/TextureIO.framework/Versions/A/TextureIO
0x00007fff57690000 	/usr/lib/libate.dylib
0x00007fff45c7a000 	/System/Library/PrivateFrameworks/CrashReporterSupport.framework/Versions/A/CrashReporterSupport
0x00007fff52840000 	/System/Library/PrivateFrameworks/Sharing.framework/Versions/A/Sharing
0x00007fff4c062000 	/System/Library/PrivateFrameworks/IconServices.framework/Versions/A/IconServices
0x00007fff42278000 	/System/Library/PrivateFrameworks/AuthKit.framework/Versions/A/AuthKit
0x00007fff41bfe000 	/System/Library/PrivateFrameworks/Apple80211.framework/Versions/A/Apple80211
0x00007fff45a8f000 	/System/Library/PrivateFrameworks/CoreUtils.framework/Versions/A/CoreUtils
0x00007fff3366f000 	/System/Library/Frameworks/CoreWLAN.framework/Versions/A/CoreWLAN
0x00007fff340b4000 	/System/Library/Frameworks/IOBluetooth.framework/Versions/A/IOBluetooth
0x00007fff50d05000 	/System/Library/PrivateFrameworks/ProtocolBuffer.framework/Versions/A/ProtocolBuffer
0x00007fff4d35f000 	/System/Library/PrivateFrameworks/MobileKeyBag.framework/Versions/A/MobileKeyBag
0x00007fff45344000 	/System/Library/PrivateFrameworks/CorePhoneNumbers.framework/Versions/A/CorePhoneNumbers
0x00007fff41d36000 	/System/Library/PrivateFrameworks/AppleIDAuthSupport.framework/Versions/A/AppleIDAuthSupport
0x00007fff4c30d000 	/System/Library/PrivateFrameworks/KeychainCircle.framework/Versions/A/KeychainCircle
0x00007fff45c15000 	/System/Library/PrivateFrameworks/CoreWiFi.framework/Versions/A/CoreWiFi
0x00007fff31575000 	/System/Library/Frameworks/CoreBluetooth.framework/Versions/A/CoreBluetooth
0x00007fff45e64000 	/System/Library/PrivateFrameworks/DebugSymbols.framework/Versions/A/DebugSymbols
0x00007fff45845000 	/System/Library/PrivateFrameworks/CoreSymbolication.framework/Versions/A/CoreSymbolication
0x00007fff54ce1000 	/System/Library/PrivateFrameworks/Symbolication.framework/Versions/A/Symbolication
0x00007fff41c28000 	/System/Library/PrivateFrameworks/AppleFSCompression.framework/Versions/A/AppleFSCompression
0x00007fff5412e000 	/System/Library/PrivateFrameworks/SpeechRecognitionCore.framework/Versions/A/SpeechRecognitionCore
0x00000001064b5000 	/Library/Java/JavaVirtualMachines/jdk-10.0.2.jdk/Contents/Home/lib/server/libjvm.dylib
0x00007fff5942f000 	/usr/lib/libstdc++.6.0.9.dylib
0x0000000107255000 	/Library/Java/JavaVirtualMachines/jdk-10.0.2.jdk/Contents/Home/lib/libverify.dylib
0x0000000107262000 	/Library/Java/JavaVirtualMachines/jdk-10.0.2.jdk/Contents/Home/lib/libjava.dylib
0x0000000107299000 	/Library/Java/JavaVirtualMachines/jdk-10.0.2.jdk/Contents/Home/lib/libinstrument.dylib
0x000000010732e000 	/Library/Java/JavaVirtualMachines/jdk-10.0.2.jdk/Contents/Home/lib/libzip.dylib
0x0000000107336000 	/Library/Java/JavaVirtualMachines/jdk-10.0.2.jdk/Contents/Home/lib/libjimage.dylib
0x00000001115af000 	/Library/Java/JavaVirtualMachines/jdk-10.0.2.jdk/Contents/Home/lib/libnio.dylib
0x00000001115bf000 	/Library/Java/JavaVirtualMachines/jdk-10.0.2.jdk/Contents/Home/lib/./libnet.dylib
0x000000012b9fa000 	/Users/christophersjoblom/lwjgl-nightly-3.1.7/liblwjgl.dylib
0x000000012baf9000 	/Users/christophersjoblom/lwjgl-nightly-3.1.7/libglfw.dylib
0x00007fff454d7000 	/System/Library/PrivateFrameworks/CoreServicesInternal.framework/Versions/A/CoreServicesInternal
0x000000012c2f5000 	/Users/christophersjoblom/lwjgl-nightly-3.1.7/libMoltenVK.dylib
0x00007fff2df54000 	/System/Library/Frameworks/Accelerate.framework/Versions/A/Frameworks/vImage.framework/Versions/A/Libraries/libCGInterfaces.dylib
0x00007fff3017b000 	/System/Library/Frameworks/ApplicationServices.framework/Versions/A/Frameworks/ATS.framework/Versions/A/Resources/libTrueTypeScaler.dylib
0x00007fff2bb60000 	/System/Library/Extensions/AppleIntelSKLGraphicsMTLDriver.bundle/Contents/MacOS/AppleIntelSKLGraphicsMTLDriver
0x00007fff48e78000 	/System/Library/PrivateFrameworks/GPUCompiler.framework/Versions/3802/Libraries/libmetal_timestamp.dylib
0x00007fff564e2000 	/System/Library/PrivateFrameworks/ViewBridge.framework/Versions/A/ViewBridge


VM Arguments:
jvm_args: -Djava.library.path=/Users/christophersjoblom/lwjgl-nightly-3.1.7 -javaagent:/Applications/IntelliJ IDEA CE.app/Contents/lib/idea_rt.jar=57828:/Applications/IntelliJ IDEA CE.app/Contents/bin -Dfile.encoding=UTF-8 
java_command: example.HelloRainKt
java_class_path (initial): /Users/christophersjoblom/Projects/rain/out/production/rain:/Users/christophersjoblom/lwjgl-nightly-3.1.7/joml-1.9.8.jar:/Users/christophersjoblom/lwjgl-nightly-3.1.7/lwjgl-glfw.jar:/Users/christophersjoblom/lwjgl-nightly-3.1.7/lwjgl-stb.jar:/Users/christophersjoblom/lwjgl-nightly-3.1.7/lwjgl-vma.jar:/Users/christophersjoblom/lwjgl-nightly-3.1.7/lwjgl-vulkan.jar:/Users/christophersjoblom/lwjgl-nightly-3.1.7/lwjgl.jar:/Users/christophersjoblom/Projects/rain/lib/kotlin-stdlib.jar:/Users/christophersjoblom/Projects/rain/lib/kotlin-reflect.jar:/Users/christophersjoblom/Projects/rain/lib/kotlin-test.jar:/Users/christophersjoblom/Projects/rain/lib/kotlin-stdlib-jdk7.jar:/Users/christophersjoblom/Projects/rain/lib/kotlin-stdlib-jdk8.jar
Launcher Type: SUN_STANDARD

Logging:
Log output configuration:
#0: stdout all=warning uptime,level,tags
#1: stderr all=off uptime,level,tags

Environment Variables:
JAVA_HOME=/Library/Java/JavaVirtualMachines/jdk1.8.0_131.jdk/Contents/Home
PATH=/Users/christophersjoblom/vulkansdk-macos-1.1.82.1/macOS/bin:/Users/christophersjoblom/.cargo/bin:/usr/local/bin:/usr/bin:/bin:/usr/sbin:/sbin:/usr/local/MacGPG2/bin:/opt/X11/bin:/Library/Frameworks/Mono.framework/Versions/Current/Commands:/Users/christophersjoblom/4coder/
SHELL=/bin/bash
DISPLAY=/private/tmp/com.apple.launchd.GkozCEh2SA/org.macosforge.xquartz:0

Signal Handlers:
SIGSEGV: [libjvm.dylib+0x79ac14], sa_mask[0]=11111111011111110111111111111111, sa_flags=SA_ONSTACK|SA_RESTART|SA_SIGINFO
SIGBUS: [libjvm.dylib+0x79ac14], sa_mask[0]=11111111011111110111111111111111, sa_flags=SA_RESTART|SA_SIGINFO
SIGFPE: [libjvm.dylib+0x79ac14], sa_mask[0]=11111111011111110111111111111111, sa_flags=SA_RESTART|SA_SIGINFO
SIGPIPE: [libjvm.dylib+0x635960], sa_mask[0]=11111111011111110111111111111111, sa_flags=SA_RESTART|SA_SIGINFO
SIGXFSZ: [libjvm.dylib+0x635960], sa_mask[0]=11111111011111110111111111111111, sa_flags=SA_RESTART|SA_SIGINFO
SIGILL: [libjvm.dylib+0x79ac14], sa_mask[0]=11111111011111110111111111111111, sa_flags=SA_RESTART|SA_SIGINFO
SIGUSR2: [libjvm.dylib+0x6361f0], sa_mask[0]=00100000000000000000000000000000, sa_flags=SA_RESTART|SA_SIGINFO
SIGHUP: [libjvm.dylib+0x6349db], sa_mask[0]=11111111011111110111111111111111, sa_flags=SA_RESTART|SA_SIGINFO
SIGINT: [libjvm.dylib+0x6349db], sa_mask[0]=11111111011111110111111111111111, sa_flags=SA_RESTART|SA_SIGINFO
SIGTERM: [libjvm.dylib+0x6349db], sa_mask[0]=11111111011111110111111111111111, sa_flags=SA_RESTART|SA_SIGINFO
SIGQUIT: [libjvm.dylib+0x6349db], sa_mask[0]=11111111011111110111111111111111, sa_flags=SA_RESTART|SA_SIGINFO


---------------  S Y S T E M  ---------------

OS:uname:Darwin 17.7.0 Darwin Kernel Version 17.7.0: Thu Jun 21 22:53:14 PDT 2018; root:xnu-4570.71.2~1/RELEASE_X86_64 x86_64
rlimit: STACK 8192k, CORE 0k, NPROC 709, NOFILE 10240, AS infinity, DATA infinity, FSIZE infinity
load average:2.71 1.92 2.02

CPU:total 4 (initial active 4) (2 cores per cpu, 2 threads per core) family 6 model 78 stepping 3, cmov, cx8, fxsr, mmx, sse, sse2, sse3, ssse3, sse4.1, sse4.2, popcnt, avx, avx2, aes, clmul, erms, 3dnowpref, lzcnt, ht, tsc, tscinvbit, bmi1, bmi2, adx, fma

Memory: 4k page, physical 8388608k(346692k free)

vm_info: Java HotSpot(TM) 64-Bit Server VM (10.0.2+13) for bsd-amd64 JRE (10.0.2+13), built on Jun 28 2018 00:49:51 by "mach5one" with gcc 4.2.1 Compatible Apple LLVM 6.1.0 (clang-602.0.49)

END.
