#
# A fatal error has been detected by the Java Runtime Environment:
#
#  SIGSEGV (0xb) at pc=0x000000011380f7e3, pid=49094, tid=775
#
# JRE version: Java(TM) SE Runtime Environment (10.0.2+13) (build 10.0.2+13)
# Java VM: Java HotSpot(TM) 64-Bit Server VM (10.0.2+13, mixed mode, tiered, compressed oops, g1 gc, bsd-amd64)
# Problematic frame:
# C  [libMoltenVK.dylib+0x17e3]
[error occurred during error reporting (printing problematic frame), id 0xb]

# No core dump will be written. Core dumps have been disabled. To enable core dumping, try "ulimit -c unlimited" before starting Java again
#
# If you would like to submit a bug report, please visit:
#   http://bugreport.java.com/bugreport/crash.jsp
# The crash happened outside the Java Virtual Machine in native code.
# See problematic frame for where to report the bug.
#

---------------  S U M M A R Y ------------

Command Line: -Djava.library.path=/Users/christophersjoblom/lwjgl-nightly-3.1.7 -javaagent:/Applications/IntelliJ IDEA CE.app/Contents/lib/idea_rt.jar=57785:/Applications/IntelliJ IDEA CE.app/Contents/bin -Dfile.encoding=UTF-8 example.HelloRainKt

Host: MacBookPro13,2 x86_64 2900 MHz, 4 cores, 8G, Darwin 17.7.0
Time: Fri Sep 21 19:16:57 2018 CEST elapsed time: 0 seconds (0d 0h 0m 0s)

---------------  T H R E A D  ---------------

Current thread (0x00007fdc3a006800):  JavaThread "main" [_thread_in_native, id=775, stack(0x00007ffee7592000,0x00007ffee7d92000)]

Stack: [0x00007ffee7592000,0x00007ffee7d92000],  sp=0x00007ffee7d8e700,  free space=8177k
Native frames: (J=compiled Java code, A=aot compiled Java code, j=interpreted, Vv=VM code, C=native code)
C  [libMoltenVK.dylib+0x17e3]
[error occurred during error reporting (printing native stack), id 0xb]

Java frames: (J=compiled Java code, j=interpreted, Vv=VM code)
j  org.lwjgl.system.JNI.callPJJJI(JJJJJ)I+0
j  org.lwjgl.vulkan.VK10.vkBindBufferMemory(Lorg/lwjgl/vulkan/VkDevice;JJJ)I+19
j  rain.vulkan.VertexBuffer.createVertexBuffer(Lrain/vulkan/LogicalDevice;Lrain/vulkan/Queue;Lrain/vulkan/CommandPool;Lorg/lwjgl/vulkan/VkPhysicalDeviceMemoryProperties;[F)V+191
j  rain.vulkan.VertexBuffer.create(Lrain/vulkan/LogicalDevice;Lrain/vulkan/Queue;Lrain/vulkan/CommandPool;Lorg/lwjgl/vulkan/VkPhysicalDeviceMemoryProperties;[F[Lrain/vulkan/VertexAttribute;)V+47
j  rain.vulkan.VulkanResourceFactory.<init>(Lrain/vulkan/LogicalDevice;Lrain/vulkan/PhysicalDevice;Lrain/vulkan/Queue;Lrain/vulkan/CommandPool;)V+281
j  rain.Rain.createVulkanApi()V+47
j  rain.Rain.create(IILjava/lang/String;Lrain/Api;)V+57
j  example.HelloRainKt.main([Ljava/lang/String;)V+26
v  ~StubRoutines::call_stub

siginfo: si_signo: 11 (SIGSEGV), si_code: 1 (SEGV_MAPERR), si_addr: 0x0000000000000018

Register to memory mapping:

RAX=0x0000000000000000 is an unknown value
RBX=0x0000000000000000 is an unknown value
RCX=0x0000000000000000 is an unknown value
RDX=0x0000000000000000 is an unknown value
RSP=0x00007ffee7d8e700 is pointing into the stack for thread: 0x00007fdc3a006800
RBP=0x00007ffee7d8e720 is pointing into the stack for thread: 0x00007fdc3a006800
RSI=0x00007fdc38599650 is an unknown value
RDI=0x0000000000000000 is an unknown value
R8 =0x0000000000000000 is an unknown value
R9 =0x00007fdc38599650 is an unknown value
R10=0x000000011f500b21 is at code_begin+897 in an Interpreter codelet
method entry point (kind = native)  [0x000000011f5007a0, 0x000000011f5011e0]  2624 bytes
R11=0x000000011381ac80: <offset 0xcc80> in /Users/christophersjoblom/lwjgl-nightly-3.1.7/libMoltenVK.dylib at 0x000000011380e000
R12=0x0000000000000000 is an unknown value
R13={method} {0x00000001113c24c8} 'callPJJJI' '(JJJJJ)I' in 'org/lwjgl/system/JNI'
R14=0x00007fdc38599650 is an unknown value
R15=0x0000000000000000 is an unknown value


Registers:
RAX=0x0000000000000000, RBX=0x0000000000000000, RCX=0x0000000000000000, RDX=0x0000000000000000
RSP=0x00007ffee7d8e700, RBP=0x00007ffee7d8e720, RSI=0x00007fdc38599650, RDI=0x0000000000000000
R8 =0x0000000000000000, R9 =0x00007fdc38599650, R10=0x000000011f500b21, R11=0x000000011381ac80
R12=0x0000000000000000, R13=0x00000001113c24c8, R14=0x00007fdc38599650, R15=0x0000000000000000
RIP=0x000000011380f7e3, EFLAGS=0x0000000000010212, ERR=0x0000000000000004
  TRAPNO=0x000000000000000e

Top of Stack: (sp=0x00007ffee7d8e700)
0x00007ffee7d8e700:   0000000000000000 00000001113c24c8
0x00007ffee7d8e710:   00007ffee7d8e838 00007fdc3a006800
0x00007ffee7d8e720:   00007ffee7d8e7d0 000000011f500b50
0x00007ffee7d8e730:   0000000000000000 0000000113dc0430
0x00007ffee7d8e740:   00007ffee7d8e770 0000000108bd0ec9
0x00007ffee7d8e750:   00007fdc3a006800 00007fdc3a006800
0x00007ffee7d8e760:   00000001113c24c8 00007ffee7d8e838
0x00007ffee7d8e770:   00007ffee7d8e7d0 000000011f50089e
0x00007ffee7d8e780:   000000011f500856 00007ffee7d8e788
0x00007ffee7d8e790:   00000001113c24c8 00007ffee7d8e838
0x00007ffee7d8e7a0:   00000001113e25d0 0000000000000000
0x00007ffee7d8e7b0:   0000000747a945c0 00000001113c24c8
0x00007ffee7d8e7c0:   0000000000000000 00007ffee7d8e7f0
0x00007ffee7d8e7d0:   00007ffee7d8e888 000000011f4fa980
0x00007ffee7d8e7e0:   0000000747a945c0 000000011f4fdad6
0x00007ffee7d8e7f0:   0000000000000000 0000000000000000
0x00007ffee7d8e800:   00007fdc38599650 0000000000000000
0x00007ffee7d8e810:   0000000000000000 0000000000000000
0x00007ffee7d8e820:   00007fdc38795d20 0000000000000000
0x00007ffee7d8e830:   000000011381ac80 0000000000000000
0x00007ffee7d8e840:   00007ffee7d8e840 0000000113cb02fb
0x00007ffee7d8e850:   00007ffee7d8e8d8 0000000113ce5908
0x00007ffee7d8e860:   0000000000000000 00000007479d2d88
0x00007ffee7d8e870:   0000000113cb0358 00007ffee7d8e7f0
0x00007ffee7d8e880:   00007ffee7d8e8a8 00007ffee7d8e928
0x00007ffee7d8e890:   000000011f4fa980 000000011381ac80
0x00007ffee7d8e8a0:   0000000000000000 0000000000000000
0x00007ffee7d8e8b0:   0000000000000000 00007fdc38599650
0x00007ffee7d8e8c0:   0000000000000000 0000000000000000
0x00007ffee7d8e8d0:   0000000000000000 000000074760b6a0
0x00007ffee7d8e8e0:   00007ffee7d8e8e0 0000000113db308f
0x00007ffee7d8e8f0:   00007ffee7d8e9a0 0000000113db3da0 

Instructions: (pc=0x000000011380f7e3)
0x000000011380f7c3:   00 00 00 00 00 00 00 00 00 00 00 00 00 55 48 89
0x000000011380f7d3:   e5 41 57 41 56 53 50 49 89 d7 49 89 f6 48 89 fb
0x000000011380f7e3:   48 8b 7b 18 48 85 ff 74 08 48 89 de e8 1c 34 01
0x000000011380f7f3:   00 4c 89 73 18 4c 89 7b 20 4d 85 f6 74 0b 4c 89 


---------------  P R O C E S S  ---------------

Threads class SMR info:
_java_thread_list=0x00007fdc38640b30, length=11, elements={
0x00007fdc3a006800, 0x00007fdc39053000, 0x00007fdc3a004800, 0x00007fdc39858000,
0x00007fdc39846800, 0x00007fdc3900f800, 0x00007fdc39847800, 0x00007fdc3a01f800,
0x00007fdc3a022800, 0x00007fdc398ed000, 0x00007fdc3a076800
}

Java Threads: ( => current thread )
=>0x00007fdc3a006800 JavaThread "main" [_thread_in_native, id=775, stack(0x00007ffee7592000,0x00007ffee7d92000)]
  0x00007fdc39053000 JavaThread "Reference Handler" daemon [_thread_blocked, id=18179, stack(0x000070000dd90000,0x000070000de90000)]
  0x00007fdc3a004800 JavaThread "Finalizer" daemon [_thread_blocked, id=14851, stack(0x000070000de93000,0x000070000df93000)]
  0x00007fdc39858000 JavaThread "Signal Dispatcher" daemon [_thread_blocked, id=22275, stack(0x000070000df96000,0x000070000e096000)]
  0x00007fdc39846800 JavaThread "C2 CompilerThread0" daemon [_thread_blocked, id=43011, stack(0x000070000e099000,0x000070000e199000)]
  0x00007fdc3900f800 JavaThread "C2 CompilerThread1" daemon [_thread_blocked, id=23043, stack(0x000070000e19c000,0x000070000e29c000)]
  0x00007fdc39847800 JavaThread "C1 CompilerThread2" daemon [_thread_blocked, id=42243, stack(0x000070000e29f000,0x000070000e39f000)]
  0x00007fdc3a01f800 JavaThread "Sweeper thread" daemon [_thread_blocked, id=41731, stack(0x000070000e3a2000,0x000070000e4a2000)]
  0x00007fdc3a022800 JavaThread "Common-Cleaner" daemon [_thread_blocked, id=24323, stack(0x000070000e4a5000,0x000070000e5a5000)]
  0x00007fdc398ed000 JavaThread "Monitor Ctrl-Break" daemon [_thread_in_native, id=41219, stack(0x000070000e5a8000,0x000070000e6a8000)]
  0x00007fdc3a076800 JavaThread "Service Thread" daemon [_thread_blocked, id=25091, stack(0x000070000e6ab000,0x000070000e7ab000)]

Other Threads:
  0x00007fdc39801000 VMThread "VM Thread" [stack: 0x000070000dc8d000,0x000070000dd8d000] [id=14083]
  0x00007fdc39100800 WatcherThread [stack: 0x000070000e7ae000,0x000070000e8ae000] [id=40707]
  0x00007fdc39807800 GCTaskThread "GC Thread#0" [stack: 0x000070000d16c000,0x000070000d26c000] [id=21507]
  0x00007fdc38803800 GCTaskThread "GC Thread#1" [stack: 0x000070000d26f000,0x000070000d36f000] [id=11267]
  0x00007fdc39008800 GCTaskThread "GC Thread#2" [stack: 0x000070000d372000,0x000070000d472000] [id=11779]
  0x00007fdc39018000 GCTaskThread "GC Thread#3" [stack: 0x000070000d475000,0x000070000d575000] [id=12035]
  0x00007fdc39041000 ConcurrentGCThread "G1 Main Marker" [stack: 0x000070000d578000,0x000070000d678000] [id=20739]
  0x00007fdc39808800 ConcurrentGCThread "G1 Conc#0" [stack: 0x000070000d67b000,0x000070000d77b000] [id=12803]
  0x00007fdc3982c800 ConcurrentGCThread "G1 Refine#0" [stack: 0x000070000d77e000,0x000070000d87e000] [id=19971]
  0x00007fdc39041800 ConcurrentGCThread "G1 Refine#1" [stack: 0x000070000d881000,0x000070000d981000] [id=13315]
  0x00007fdc39042800 ConcurrentGCThread "G1 Refine#2" [stack: 0x000070000d984000,0x000070000da84000] [id=19459]
  0x00007fdc3982d800 ConcurrentGCThread "G1 Refine#3" [stack: 0x000070000da87000,0x000070000db87000] [id=18947]
  0x00007fdc3883c800 ConcurrentGCThread "G1 Young RemSet Sampling" [stack: 0x000070000db8a000,0x000070000dc8a000] [id=18691]

Threads with active compile tasks:

VM state:not at safepoint (normal execution)

VM Mutex/Monitor currently owned by a thread: None

Heap address: 0x0000000740000000, size: 2048 MB, Compressed Oops mode: Zero based, Oop shift amount: 3
Narrow klass base: 0x0000000000000000, Narrow klass shift: 3
Compressed class space size: 1073741824 Address: 0x00000007c0000000

Heap:
 garbage-first heap   total 131072K, used 9216K [0x0000000740000000, 0x00000007c0000000)
  region size 1024K, 10 young (10240K), 0 survivors (0K)
 Metaspace       used 10381K, capacity 10549K, committed 10752K, reserved 1058816K
  class space    used 832K, capacity 900K, committed 1024K, reserved 1048576K
Heap Regions: E=young(eden), S=young(survivor), O=old, HS=humongous(starts), HC=humongous(continues), CS=collection set, F=free, A=archive, TS=gc time stamp, AC=allocation context, TAMS=top-at-mark-start (previous, next)
|   0|0x0000000740000000, 0x0000000740000000, 0x0000000740100000|  0%| F|  |TS  0|AC  0|TAMS 0x0000000740000000, 0x0000000740000000|
|   1|0x0000000740100000, 0x0000000740100000, 0x0000000740200000|  0%| F|  |TS  0|AC  0|TAMS 0x0000000740100000, 0x0000000740100000|
|   2|0x0000000740200000, 0x0000000740200000, 0x0000000740300000|  0%| F|  |TS  0|AC  0|TAMS 0x0000000740200000, 0x0000000740200000|
|   3|0x0000000740300000, 0x0000000740300000, 0x0000000740400000|  0%| F|  |TS  0|AC  0|TAMS 0x0000000740300000, 0x0000000740300000|
|   4|0x0000000740400000, 0x0000000740400000, 0x0000000740500000|  0%| F|  |TS  0|AC  0|TAMS 0x0000000740400000, 0x0000000740400000|
|   5|0x0000000740500000, 0x0000000740500000, 0x0000000740600000|  0%| F|  |TS  0|AC  0|TAMS 0x0000000740500000, 0x0000000740500000|
|   6|0x0000000740600000, 0x0000000740600000, 0x0000000740700000|  0%| F|  |TS  0|AC  0|TAMS 0x0000000740600000, 0x0000000740600000|
|   7|0x0000000740700000, 0x0000000740700000, 0x0000000740800000|  0%| F|  |TS  0|AC  0|TAMS 0x0000000740700000, 0x0000000740700000|
|   8|0x0000000740800000, 0x0000000740800000, 0x0000000740900000|  0%| F|  |TS  0|AC  0|TAMS 0x0000000740800000, 0x0000000740800000|
|   9|0x0000000740900000, 0x0000000740900000, 0x0000000740a00000|  0%| F|  |TS  0|AC  0|TAMS 0x0000000740900000, 0x0000000740900000|
|  10|0x0000000740a00000, 0x0000000740a00000, 0x0000000740b00000|  0%| F|  |TS  0|AC  0|TAMS 0x0000000740a00000, 0x0000000740a00000|
|  11|0x0000000740b00000, 0x0000000740b00000, 0x0000000740c00000|  0%| F|  |TS  0|AC  0|TAMS 0x0000000740b00000, 0x0000000740b00000|
|  12|0x0000000740c00000, 0x0000000740c00000, 0x0000000740d00000|  0%| F|  |TS  0|AC  0|TAMS 0x0000000740c00000, 0x0000000740c00000|
|  13|0x0000000740d00000, 0x0000000740d00000, 0x0000000740e00000|  0%| F|  |TS  0|AC  0|TAMS 0x0000000740d00000, 0x0000000740d00000|
|  14|0x0000000740e00000, 0x0000000740e00000, 0x0000000740f00000|  0%| F|  |TS  0|AC  0|TAMS 0x0000000740e00000, 0x0000000740e00000|
|  15|0x0000000740f00000, 0x0000000740f00000, 0x0000000741000000|  0%| F|  |TS  0|AC  0|TAMS 0x0000000740f00000, 0x0000000740f00000|
|  16|0x0000000741000000, 0x0000000741000000, 0x0000000741100000|  0%| F|  |TS  0|AC  0|TAMS 0x0000000741000000, 0x0000000741000000|
|  17|0x0000000741100000, 0x0000000741100000, 0x0000000741200000|  0%| F|  |TS  0|AC  0|TAMS 0x0000000741100000, 0x0000000741100000|
|  18|0x0000000741200000, 0x0000000741200000, 0x0000000741300000|  0%| F|  |TS  0|AC  0|TAMS 0x0000000741200000, 0x0000000741200000|
|  19|0x0000000741300000, 0x0000000741300000, 0x0000000741400000|  0%| F|  |TS  0|AC  0|TAMS 0x0000000741300000, 0x0000000741300000|
|  20|0x0000000741400000, 0x0000000741400000, 0x0000000741500000|  0%| F|  |TS  0|AC  0|TAMS 0x0000000741400000, 0x0000000741400000|
|  21|0x0000000741500000, 0x0000000741500000, 0x0000000741600000|  0%| F|  |TS  0|AC  0|TAMS 0x0000000741500000, 0x0000000741500000|
|  22|0x0000000741600000, 0x0000000741600000, 0x0000000741700000|  0%| F|  |TS  0|AC  0|TAMS 0x0000000741600000, 0x0000000741600000|
|  23|0x0000000741700000, 0x0000000741700000, 0x0000000741800000|  0%| F|  |TS  0|AC  0|TAMS 0x0000000741700000, 0x0000000741700000|
|  24|0x0000000741800000, 0x0000000741800000, 0x0000000741900000|  0%| F|  |TS  0|AC  0|TAMS 0x0000000741800000, 0x0000000741800000|
|  25|0x0000000741900000, 0x0000000741900000, 0x0000000741a00000|  0%| F|  |TS  0|AC  0|TAMS 0x0000000741900000, 0x0000000741900000|
|  26|0x0000000741a00000, 0x0000000741a00000, 0x0000000741b00000|  0%| F|  |TS  0|AC  0|TAMS 0x0000000741a00000, 0x0000000741a00000|
|  27|0x0000000741b00000, 0x0000000741b00000, 0x0000000741c00000|  0%| F|  |TS  0|AC  0|TAMS 0x0000000741b00000, 0x0000000741b00000|
|  28|0x0000000741c00000, 0x0000000741c00000, 0x0000000741d00000|  0%| F|  |TS  0|AC  0|TAMS 0x0000000741c00000, 0x0000000741c00000|
|  29|0x0000000741d00000, 0x0000000741d00000, 0x0000000741e00000|  0%| F|  |TS  0|AC  0|TAMS 0x0000000741d00000, 0x0000000741d00000|
|  30|0x0000000741e00000, 0x0000000741e00000, 0x0000000741f00000|  0%| F|  |TS  0|AC  0|TAMS 0x0000000741e00000, 0x0000000741e00000|
|  31|0x0000000741f00000, 0x0000000741f00000, 0x0000000742000000|  0%| F|  |TS  0|AC  0|TAMS 0x0000000741f00000, 0x0000000741f00000|
|  32|0x0000000742000000, 0x0000000742000000, 0x0000000742100000|  0%| F|  |TS  0|AC  0|TAMS 0x0000000742000000, 0x0000000742000000|
|  33|0x0000000742100000, 0x0000000742100000, 0x0000000742200000|  0%| F|  |TS  0|AC  0|TAMS 0x0000000742100000, 0x0000000742100000|
|  34|0x0000000742200000, 0x0000000742200000, 0x0000000742300000|  0%| F|  |TS  0|AC  0|TAMS 0x0000000742200000, 0x0000000742200000|
|  35|0x0000000742300000, 0x0000000742300000, 0x0000000742400000|  0%| F|  |TS  0|AC  0|TAMS 0x0000000742300000, 0x0000000742300000|
|  36|0x0000000742400000, 0x0000000742400000, 0x0000000742500000|  0%| F|  |TS  0|AC  0|TAMS 0x0000000742400000, 0x0000000742400000|
|  37|0x0000000742500000, 0x0000000742500000, 0x0000000742600000|  0%| F|  |TS  0|AC  0|TAMS 0x0000000742500000, 0x0000000742500000|
|  38|0x0000000742600000, 0x0000000742600000, 0x0000000742700000|  0%| F|  |TS  0|AC  0|TAMS 0x0000000742600000, 0x0000000742600000|
|  39|0x0000000742700000, 0x0000000742700000, 0x0000000742800000|  0%| F|  |TS  0|AC  0|TAMS 0x0000000742700000, 0x0000000742700000|
|  40|0x0000000742800000, 0x0000000742800000, 0x0000000742900000|  0%| F|  |TS  0|AC  0|TAMS 0x0000000742800000, 0x0000000742800000|
|  41|0x0000000742900000, 0x0000000742900000, 0x0000000742a00000|  0%| F|  |TS  0|AC  0|TAMS 0x0000000742900000, 0x0000000742900000|
|  42|0x0000000742a00000, 0x0000000742a00000, 0x0000000742b00000|  0%| F|  |TS  0|AC  0|TAMS 0x0000000742a00000, 0x0000000742a00000|
|  43|0x0000000742b00000, 0x0000000742b00000, 0x0000000742c00000|  0%| F|  |TS  0|AC  0|TAMS 0x0000000742b00000, 0x0000000742b00000|
|  44|0x0000000742c00000, 0x0000000742c00000, 0x0000000742d00000|  0%| F|  |TS  0|AC  0|TAMS 0x0000000742c00000, 0x0000000742c00000|
|  45|0x0000000742d00000, 0x0000000742d00000, 0x0000000742e00000|  0%| F|  |TS  0|AC  0|TAMS 0x0000000742d00000, 0x0000000742d00000|
|  46|0x0000000742e00000, 0x0000000742e00000, 0x0000000742f00000|  0%| F|  |TS  0|AC  0|TAMS 0x0000000742e00000, 0x0000000742e00000|
|  47|0x0000000742f00000, 0x0000000742f00000, 0x0000000743000000|  0%| F|  |TS  0|AC  0|TAMS 0x0000000742f00000, 0x0000000742f00000|
|  48|0x0000000743000000, 0x0000000743000000, 0x0000000743100000|  0%| F|  |TS  0|AC  0|TAMS 0x0000000743000000, 0x0000000743000000|
|  49|0x0000000743100000, 0x0000000743100000, 0x0000000743200000|  0%| F|  |TS  0|AC  0|TAMS 0x0000000743100000, 0x0000000743100000|
|  50|0x0000000743200000, 0x0000000743200000, 0x0000000743300000|  0%| F|  |TS  0|AC  0|TAMS 0x0000000743200000, 0x0000000743200000|
|  51|0x0000000743300000, 0x0000000743300000, 0x0000000743400000|  0%| F|  |TS  0|AC  0|TAMS 0x0000000743300000, 0x0000000743300000|
|  52|0x0000000743400000, 0x0000000743400000, 0x0000000743500000|  0%| F|  |TS  0|AC  0|TAMS 0x0000000743400000, 0x0000000743400000|
|  53|0x0000000743500000, 0x0000000743500000, 0x0000000743600000|  0%| F|  |TS  0|AC  0|TAMS 0x0000000743500000, 0x0000000743500000|
|  54|0x0000000743600000, 0x0000000743600000, 0x0000000743700000|  0%| F|  |TS  0|AC  0|TAMS 0x0000000743600000, 0x0000000743600000|
|  55|0x0000000743700000, 0x0000000743700000, 0x0000000743800000|  0%| F|  |TS  0|AC  0|TAMS 0x0000000743700000, 0x0000000743700000|
|  56|0x0000000743800000, 0x0000000743800000, 0x0000000743900000|  0%| F|  |TS  0|AC  0|TAMS 0x0000000743800000, 0x0000000743800000|
|  57|0x0000000743900000, 0x0000000743900000, 0x0000000743a00000|  0%| F|  |TS  0|AC  0|TAMS 0x0000000743900000, 0x0000000743900000|
|  58|0x0000000743a00000, 0x0000000743a00000, 0x0000000743b00000|  0%| F|  |TS  0|AC  0|TAMS 0x0000000743a00000, 0x0000000743a00000|
|  59|0x0000000743b00000, 0x0000000743b00000, 0x0000000743c00000|  0%| F|  |TS  0|AC  0|TAMS 0x0000000743b00000, 0x0000000743b00000|
|  60|0x0000000743c00000, 0x0000000743c00000, 0x0000000743d00000|  0%| F|  |TS  0|AC  0|TAMS 0x0000000743c00000, 0x0000000743c00000|
|  61|0x0000000743d00000, 0x0000000743d00000, 0x0000000743e00000|  0%| F|  |TS  0|AC  0|TAMS 0x0000000743d00000, 0x0000000743d00000|
|  62|0x0000000743e00000, 0x0000000743e00000, 0x0000000743f00000|  0%| F|  |TS  0|AC  0|TAMS 0x0000000743e00000, 0x0000000743e00000|
|  63|0x0000000743f00000, 0x0000000743f00000, 0x0000000744000000|  0%| F|  |TS  0|AC  0|TAMS 0x0000000743f00000, 0x0000000743f00000|
|  64|0x0000000744000000, 0x0000000744000000, 0x0000000744100000|  0%| F|  |TS  0|AC  0|TAMS 0x0000000744000000, 0x0000000744000000|
|  65|0x0000000744100000, 0x0000000744100000, 0x0000000744200000|  0%| F|  |TS  0|AC  0|TAMS 0x0000000744100000, 0x0000000744100000|
|  66|0x0000000744200000, 0x0000000744200000, 0x0000000744300000|  0%| F|  |TS  0|AC  0|TAMS 0x0000000744200000, 0x0000000744200000|
|  67|0x0000000744300000, 0x0000000744300000, 0x0000000744400000|  0%| F|  |TS  0|AC  0|TAMS 0x0000000744300000, 0x0000000744300000|
|  68|0x0000000744400000, 0x0000000744400000, 0x0000000744500000|  0%| F|  |TS  0|AC  0|TAMS 0x0000000744400000, 0x0000000744400000|
|  69|0x0000000744500000, 0x0000000744500000, 0x0000000744600000|  0%| F|  |TS  0|AC  0|TAMS 0x0000000744500000, 0x0000000744500000|
|  70|0x0000000744600000, 0x0000000744600000, 0x0000000744700000|  0%| F|  |TS  0|AC  0|TAMS 0x0000000744600000, 0x0000000744600000|
|  71|0x0000000744700000, 0x0000000744700000, 0x0000000744800000|  0%| F|  |TS  0|AC  0|TAMS 0x0000000744700000, 0x0000000744700000|
|  72|0x0000000744800000, 0x0000000744800000, 0x0000000744900000|  0%| F|  |TS  0|AC  0|TAMS 0x0000000744800000, 0x0000000744800000|
|  73|0x0000000744900000, 0x0000000744900000, 0x0000000744a00000|  0%| F|  |TS  0|AC  0|TAMS 0x0000000744900000, 0x0000000744900000|
|  74|0x0000000744a00000, 0x0000000744a00000, 0x0000000744b00000|  0%| F|  |TS  0|AC  0|TAMS 0x0000000744a00000, 0x0000000744a00000|
|  75|0x0000000744b00000, 0x0000000744b00000, 0x0000000744c00000|  0%| F|  |TS  0|AC  0|TAMS 0x0000000744b00000, 0x0000000744b00000|
|  76|0x0000000744c00000, 0x0000000744c00000, 0x0000000744d00000|  0%| F|  |TS  0|AC  0|TAMS 0x0000000744c00000, 0x0000000744c00000|
|  77|0x0000000744d00000, 0x0000000744d00000, 0x0000000744e00000|  0%| F|  |TS  0|AC  0|TAMS 0x0000000744d00000, 0x0000000744d00000|
|  78|0x0000000744e00000, 0x0000000744e00000, 0x0000000744f00000|  0%| F|  |TS  0|AC  0|TAMS 0x0000000744e00000, 0x0000000744e00000|
|  79|0x0000000744f00000, 0x0000000744f00000, 0x0000000745000000|  0%| F|  |TS  0|AC  0|TAMS 0x0000000744f00000, 0x0000000744f00000|
|  80|0x0000000745000000, 0x0000000745000000, 0x0000000745100000|  0%| F|  |TS  0|AC  0|TAMS 0x0000000745000000, 0x0000000745000000|
|  81|0x0000000745100000, 0x0000000745100000, 0x0000000745200000|  0%| F|  |TS  0|AC  0|TAMS 0x0000000745100000, 0x0000000745100000|
|  82|0x0000000745200000, 0x0000000745200000, 0x0000000745300000|  0%| F|  |TS  0|AC  0|TAMS 0x0000000745200000, 0x0000000745200000|
|  83|0x0000000745300000, 0x0000000745300000, 0x0000000745400000|  0%| F|  |TS  0|AC  0|TAMS 0x0000000745300000, 0x0000000745300000|
|  84|0x0000000745400000, 0x0000000745400000, 0x0000000745500000|  0%| F|  |TS  0|AC  0|TAMS 0x0000000745400000, 0x0000000745400000|
|  85|0x0000000745500000, 0x0000000745500000, 0x0000000745600000|  0%| F|  |TS  0|AC  0|TAMS 0x0000000745500000, 0x0000000745500000|
|  86|0x0000000745600000, 0x0000000745600000, 0x0000000745700000|  0%| F|  |TS  0|AC  0|TAMS 0x0000000745600000, 0x0000000745600000|
|  87|0x0000000745700000, 0x0000000745700000, 0x0000000745800000|  0%| F|  |TS  0|AC  0|TAMS 0x0000000745700000, 0x0000000745700000|
|  88|0x0000000745800000, 0x0000000745800000, 0x0000000745900000|  0%| F|  |TS  0|AC  0|TAMS 0x0000000745800000, 0x0000000745800000|
|  89|0x0000000745900000, 0x0000000745900000, 0x0000000745a00000|  0%| F|  |TS  0|AC  0|TAMS 0x0000000745900000, 0x0000000745900000|
|  90|0x0000000745a00000, 0x0000000745a00000, 0x0000000745b00000|  0%| F|  |TS  0|AC  0|TAMS 0x0000000745a00000, 0x0000000745a00000|
|  91|0x0000000745b00000, 0x0000000745b00000, 0x0000000745c00000|  0%| F|  |TS  0|AC  0|TAMS 0x0000000745b00000, 0x0000000745b00000|
|  92|0x0000000745c00000, 0x0000000745c00000, 0x0000000745d00000|  0%| F|  |TS  0|AC  0|TAMS 0x0000000745c00000, 0x0000000745c00000|
|  93|0x0000000745d00000, 0x0000000745d00000, 0x0000000745e00000|  0%| F|  |TS  0|AC  0|TAMS 0x0000000745d00000, 0x0000000745d00000|
|  94|0x0000000745e00000, 0x0000000745e00000, 0x0000000745f00000|  0%| F|  |TS  0|AC  0|TAMS 0x0000000745e00000, 0x0000000745e00000|
|  95|0x0000000745f00000, 0x0000000745f00000, 0x0000000746000000|  0%| F|  |TS  0|AC  0|TAMS 0x0000000745f00000, 0x0000000745f00000|
|  96|0x0000000746000000, 0x0000000746000000, 0x0000000746100000|  0%| F|  |TS  0|AC  0|TAMS 0x0000000746000000, 0x0000000746000000|
|  97|0x0000000746100000, 0x0000000746100000, 0x0000000746200000|  0%| F|  |TS  0|AC  0|TAMS 0x0000000746100000, 0x0000000746100000|
|  98|0x0000000746200000, 0x0000000746200000, 0x0000000746300000|  0%| F|  |TS  0|AC  0|TAMS 0x0000000746200000, 0x0000000746200000|
|  99|0x0000000746300000, 0x0000000746300000, 0x0000000746400000|  0%| F|  |TS  0|AC  0|TAMS 0x0000000746300000, 0x0000000746300000|
| 100|0x0000000746400000, 0x0000000746400000, 0x0000000746500000|  0%| F|  |TS  0|AC  0|TAMS 0x0000000746400000, 0x0000000746400000|
| 101|0x0000000746500000, 0x0000000746500000, 0x0000000746600000|  0%| F|  |TS  0|AC  0|TAMS 0x0000000746500000, 0x0000000746500000|
| 102|0x0000000746600000, 0x0000000746600000, 0x0000000746700000|  0%| F|  |TS  0|AC  0|TAMS 0x0000000746600000, 0x0000000746600000|
| 103|0x0000000746700000, 0x0000000746700000, 0x0000000746800000|  0%| F|  |TS  0|AC  0|TAMS 0x0000000746700000, 0x0000000746700000|
| 104|0x0000000746800000, 0x0000000746800000, 0x0000000746900000|  0%| F|  |TS  0|AC  0|TAMS 0x0000000746800000, 0x0000000746800000|
| 105|0x0000000746900000, 0x0000000746900000, 0x0000000746a00000|  0%| F|  |TS  0|AC  0|TAMS 0x0000000746900000, 0x0000000746900000|
| 106|0x0000000746a00000, 0x0000000746a00000, 0x0000000746b00000|  0%| F|  |TS  0|AC  0|TAMS 0x0000000746a00000, 0x0000000746a00000|
| 107|0x0000000746b00000, 0x0000000746b00000, 0x0000000746c00000|  0%| F|  |TS  0|AC  0|TAMS 0x0000000746b00000, 0x0000000746b00000|
| 108|0x0000000746c00000, 0x0000000746c00000, 0x0000000746d00000|  0%| F|  |TS  0|AC  0|TAMS 0x0000000746c00000, 0x0000000746c00000|
| 109|0x0000000746d00000, 0x0000000746d00000, 0x0000000746e00000|  0%| F|  |TS  0|AC  0|TAMS 0x0000000746d00000, 0x0000000746d00000|
| 110|0x0000000746e00000, 0x0000000746e00000, 0x0000000746f00000|  0%| F|  |TS  0|AC  0|TAMS 0x0000000746e00000, 0x0000000746e00000|
| 111|0x0000000746f00000, 0x0000000746f00000, 0x0000000747000000|  0%| F|  |TS  0|AC  0|TAMS 0x0000000746f00000, 0x0000000746f00000|
| 112|0x0000000747000000, 0x0000000747000000, 0x0000000747100000|  0%| F|  |TS  0|AC  0|TAMS 0x0000000747000000, 0x0000000747000000|
| 113|0x0000000747100000, 0x0000000747100000, 0x0000000747200000|  0%| F|  |TS  0|AC  0|TAMS 0x0000000747100000, 0x0000000747100000|
| 114|0x0000000747200000, 0x0000000747200000, 0x0000000747300000|  0%| F|  |TS  0|AC  0|TAMS 0x0000000747200000, 0x0000000747200000|
| 115|0x0000000747300000, 0x0000000747300000, 0x0000000747400000|  0%| F|  |TS  0|AC  0|TAMS 0x0000000747300000, 0x0000000747300000|
| 116|0x0000000747400000, 0x0000000747400000, 0x0000000747500000|  0%| F|  |TS  0|AC  0|TAMS 0x0000000747400000, 0x0000000747400000|
| 117|0x0000000747500000, 0x0000000747500000, 0x0000000747600000|  0%| F|  |TS  0|AC  0|TAMS 0x0000000747500000, 0x0000000747500000|
| 118|0x0000000747600000, 0x00000007476e77a8, 0x0000000747700000| 90%| E|  |TS  0|AC  0|TAMS 0x0000000747600000, 0x0000000747600000|
| 119|0x0000000747700000, 0x0000000747800000, 0x0000000747800000|100%| E|CS|TS  0|AC  0|TAMS 0x0000000747700000, 0x0000000747700000|
| 120|0x0000000747800000, 0x0000000747900000, 0x0000000747900000|100%| E|CS|TS  0|AC  0|TAMS 0x0000000747800000, 0x0000000747800000|
| 121|0x0000000747900000, 0x0000000747a00000, 0x0000000747a00000|100%| E|CS|TS  0|AC  0|TAMS 0x0000000747900000, 0x0000000747900000|
| 122|0x0000000747a00000, 0x0000000747b00000, 0x0000000747b00000|100%| E|CS|TS  0|AC  0|TAMS 0x0000000747a00000, 0x0000000747a00000|
| 123|0x0000000747b00000, 0x0000000747c00000, 0x0000000747c00000|100%| E|CS|TS  0|AC  0|TAMS 0x0000000747b00000, 0x0000000747b00000|
| 124|0x0000000747c00000, 0x0000000747d00000, 0x0000000747d00000|100%| E|CS|TS  0|AC  0|TAMS 0x0000000747c00000, 0x0000000747c00000|
| 125|0x0000000747d00000, 0x0000000747e00000, 0x0000000747e00000|100%| E|CS|TS  0|AC  0|TAMS 0x0000000747d00000, 0x0000000747d00000|
| 126|0x0000000747e00000, 0x0000000747f00000, 0x0000000747f00000|100%| E|CS|TS  0|AC  0|TAMS 0x0000000747e00000, 0x0000000747e00000|
| 127|0x0000000747f00000, 0x0000000748000000, 0x0000000748000000|100%| E|CS|TS  0|AC  0|TAMS 0x0000000747f00000, 0x0000000747f00000|

Card table byte_map: [0x0000000109f76000,0x000000010a376000] byte_map_base: 0x0000000106576000

Marking Bits (Prev, Next): (CMBitMap*) 0x00007fdc39040460, (CMBitMap*) 0x00007fdc39040498
 Prev Bits: [0x000000010a776000, 0x000000010c776000)
 Next Bits: [0x000000010c776000, 0x000000010e776000)

Polling page: 0x0000000107ee3000

CodeHeap 'non-profiled nmethods': size=120032Kb used=223Kb max_used=223Kb free=119808Kb
 bounds [0x0000000126fb9000, 0x0000000127229000, 0x000000012e4f1000]
CodeHeap 'profiled nmethods': size=120032Kb used=973Kb max_used=973Kb free=119058Kb
 bounds [0x000000011fa81000, 0x000000011fcf1000, 0x0000000126fb9000]
CodeHeap 'non-nmethods': size=5696Kb used=1336Kb max_used=1350Kb free=4359Kb
 bounds [0x000000011f4f1000, 0x000000011f761000, 0x000000011fa81000]
 total_blobs=1631 nmethods=640 adapters=735
 compilation: enabled

Compilation events (10 events):
Event: 0.893 Thread 0x00007fdc39847800  636       3       org.lwjgl.system.MemoryStack::push (38 bytes)
Event: 0.894 Thread 0x00007fdc39847800 nmethod 636 0x000000011fb71e10 code [0x000000011fb71fe0, 0x000000011fb72208]
Event: 0.894 Thread 0x00007fdc39847800  637       3       org.lwjgl.system.MemoryStack::close (6 bytes)
Event: 0.894 Thread 0x00007fdc39847800 nmethod 637 0x000000011fb72310 code [0x000000011fb724c0, 0x000000011fb726c8]
Event: 0.894 Thread 0x00007fdc39847800  638       3       org.lwjgl.system.MemoryStack::pop (22 bytes)
Event: 0.895 Thread 0x00007fdc39847800 nmethod 638 0x000000011fb72790 code [0x000000011fb72940, 0x000000011fb72ad0]
Event: 0.899 Thread 0x00007fdc39847800  639       3       java.security.CodeSource::getCertificates (98 bytes)
Event: 0.901 Thread 0x00007fdc39847800 nmethod 639 0x000000011fb72b90 code [0x000000011fb72e20, 0x000000011fb73a38]
Event: 0.902 Thread 0x00007fdc39847800  640   !   3       java.util.zip.ZipFile$ZipFileInputStream::close (59 bytes)
Event: 0.903 Thread 0x00007fdc39847800 nmethod 640 0x000000011fb73d90 code [0x000000011fb73f60, 0x000000011fb743e8]

GC Heap History (0 events):
No events

Deoptimization events (3 events):
Event: 0.163 Thread 0x00007fdc3a006800 Uncommon trap: reason=unstable_if action=reinterpret pc=0x0000000126fbc3dc method=java.lang.String.hashCode()I @ 14 c2
Event: 0.209 Thread 0x00007fdc3a006800 Uncommon trap: reason=unstable_if action=reinterpret pc=0x0000000126fc5190 method=java.util.HashMap.putVal(ILjava/lang/Object;Ljava/lang/Object;ZZ)Ljava/lang/Object; @ 69 c2
Event: 0.328 Thread 0x00007fdc3a006800 Uncommon trap: reason=unstable_if action=reinterpret pc=0x0000000126fc8410 method=java.lang.String.isLatin1()Z @ 10 c2

Classes redefined (0 events):
No events

Internal exceptions (10 events):
Event: 0.290 Thread 0x00007fdc3a006800 Exception <a 'java/lang/NoSuchMethodError'{0x0000000747b09708}: java.lang.invoke.DirectMethodHandle$Holder.invokeStatic(Ljava/lang/Object;Ljava/lang/Object;)I> (0x0000000747b09708) thrown at [/scratch/mesos/slaves/9190d864-6621-4810-ba08-d8d8c75ba674-S34/
Event: 0.294 Thread 0x00007fdc3a006800 Exception <a 'java/lang/NoSuchMethodError'{0x0000000747b1b108}: method resolution failed> (0x0000000747b1b108) thrown at [/scratch/mesos/slaves/9190d864-6621-4810-ba08-d8d8c75ba674-S34/frameworks/1735e8a2-a1db-478c-8104-60c8b0af87dd-0196/executors/f87b489
Event: 0.295 Thread 0x00007fdc3a006800 Exception <a 'java/lang/NoSuchMethodError'{0x0000000747b1ed08}: method resolution failed> (0x0000000747b1ed08) thrown at [/scratch/mesos/slaves/9190d864-6621-4810-ba08-d8d8c75ba674-S34/frameworks/1735e8a2-a1db-478c-8104-60c8b0af87dd-0196/executors/f87b489
Event: 0.295 Thread 0x00007fdc3a006800 Exception <a 'java/lang/NoSuchMethodError'{0x0000000747b22308}: java.lang.invoke.DelegatingMethodHandle$Holder.delegate(Ljava/lang/Object;Ljava/lang/Object;ILjava/lang/Object;)V> (0x0000000747b22308) thrown at [/scratch/mesos/slaves/9190d864-6621-4810-ba0
Event: 0.296 Thread 0x00007fdc3a006800 Exception <a 'java/lang/NoSuchMethodError'{0x0000000747b25de8}: method resolution failed> (0x0000000747b25de8) thrown at [/scratch/mesos/slaves/9190d864-6621-4810-ba08-d8d8c75ba674-S34/frameworks/1735e8a2-a1db-478c-8104-60c8b0af87dd-0196/executors/f87b489
Event: 0.298 Thread 0x00007fdc3a006800 Exception <a 'java/lang/NoSuchMethodError'{0x0000000747b2cce8}: java.lang.invoke.DirectMethodHandle$Holder.invokeStaticInit(Ljava/lang/Object;Ljava/lang/Object;Ljava/lang/Object;)Ljava/lang/Object;> (0x0000000747b2cce8) thrown at [/scratch/mesos/slaves/91
Event: 0.720 Thread 0x00007fdc3a006800 Exception <a 'java/lang/NoSuchMethodError'{0x00000007479653e8}: java.lang.invoke.DirectMethodHandle$Holder.invokeStatic(Ljava/lang/Object;Ljava/lang/Object;Ljava/lang/Object;)I> (0x00000007479653e8) thrown at [/scratch/mesos/slaves/9190d864-6621-4810-ba08
Event: 0.771 Thread 0x00007fdc3a006800 Exception <a 'java/lang/NoSuchMethodError'{0x000000074787e218}: method resolution failed> (0x000000074787e218) thrown at [/scratch/mesos/slaves/9190d864-6621-4810-ba08-d8d8c75ba674-S34/frameworks/1735e8a2-a1db-478c-8104-60c8b0af87dd-0196/executors/f87b489
Event: 0.773 Thread 0x00007fdc3a006800 Exception <a 'java/lang/NoSuchMethodError'{0x0000000747883d58}: method resolution failed> (0x0000000747883d58) thrown at [/scratch/mesos/slaves/9190d864-6621-4810-ba08-d8d8c75ba674-S34/frameworks/1735e8a2-a1db-478c-8104-60c8b0af87dd-0196/executors/f87b489
Event: 0.775 Thread 0x00007fdc3a006800 Exception <a 'java/lang/NoSuchMethodError'{0x0000000747887428}: method resolution failed> (0x0000000747887428) thrown at [/scratch/mesos/slaves/9190d864-6621-4810-ba08-d8d8c75ba674-S34/frameworks/1735e8a2-a1db-478c-8104-60c8b0af87dd-0196/executors/f87b489

Events (10 events):
Event: 0.895 loading class rain/vulkan/VertexBuffer
Event: 0.895 loading class rain/vulkan/VertexBuffer done
Event: 0.897 loading class org/lwjgl/vulkan/VkBufferCreateInfo
Event: 0.897 loading class org/lwjgl/vulkan/VkBufferCreateInfo done
Event: 0.900 loading class org/lwjgl/vulkan/VkMemoryAllocateInfo
Event: 0.900 loading class org/lwjgl/vulkan/VkMemoryAllocateInfo done
Event: 0.902 loading class org/lwjgl/vulkan/VkMemoryRequirements
Event: 0.902 loading class org/lwjgl/vulkan/VkMemoryRequirements done
Event: 0.941 loading class rain/vulkan/VertexBuffer$Buffer
Event: 0.941 loading class rain/vulkan/VertexBuffer$Buffer done


Dynamic libraries:
0x00007fff31227000 	/System/Library/Frameworks/Cocoa.framework/Versions/A/Cocoa
0x00007fff3d840000 	/System/Library/Frameworks/Security.framework/Versions/A/Security
0x00007fff2fe69000 	/System/Library/Frameworks/ApplicationServices.framework/Versions/A/ApplicationServices
0x00007fff59688000 	/usr/lib/libz.1.dylib
0x00007fff575b9000 	/usr/lib/libSystem.B.dylib
0x00007fff319da000 	/System/Library/Frameworks/CoreFoundation.framework/Versions/A/CoreFoundation
0x00007fff33b3b000 	/System/Library/Frameworks/Foundation.framework/Versions/C/Foundation
0x00007fff58c72000 	/usr/lib/libobjc.A.dylib
0x00007fff2efb9000 	/System/Library/Frameworks/AppKit.framework/Versions/C/AppKit
0x00007fff3159f000 	/System/Library/Frameworks/CoreData.framework/Versions/A/CoreData
0x00007fff50efe000 	/System/Library/PrivateFrameworks/RemoteViewServices.framework/Versions/A/RemoteViewServices
0x00007fff5565e000 	/System/Library/PrivateFrameworks/UIFoundation.framework/Versions/A/UIFoundation
0x00007fff45d08000 	/System/Library/PrivateFrameworks/DFRFoundation.framework/Versions/A/DFRFoundation
0x00007fff361a7000 	/System/Library/Frameworks/Metal.framework/Versions/A/Metal
0x00007fff45ea5000 	/System/Library/PrivateFrameworks/DesktopServicesPriv.framework/Versions/A/DesktopServicesPriv
0x00007fff581bf000 	/usr/lib/libenergytrace.dylib
0x00007fff536c9000 	/System/Library/PrivateFrameworks/SkyLight.framework/Versions/A/SkyLight
0x00007fff31e7d000 	/System/Library/Frameworks/CoreGraphics.framework/Versions/A/CoreGraphics
0x00007fff575b4000 	/usr/lib/libScreenReader.dylib
0x00007fff2df53000 	/System/Library/Frameworks/Accelerate.framework/Versions/A/Accelerate
0x00007fff342b5000 	/System/Library/Frameworks/IOSurface.framework/Versions/A/IOSurface
0x00007fff303b3000 	/System/Library/Frameworks/AudioToolbox.framework/Versions/A/AudioToolbox
0x00007fff30643000 	/System/Library/Frameworks/AudioUnit.framework/Versions/A/AudioUnit
0x00007fff45da0000 	/System/Library/PrivateFrameworks/DataDetectorsCore.framework/Versions/A/DataDetectorsCore
0x00007fff30d1a000 	/System/Library/Frameworks/Carbon.framework/Versions/A/Frameworks/HIToolbox.framework/Versions/A/HIToolbox
0x00007fff58319000 	/usr/lib/libicucore.A.dylib
0x00007fff3cdbf000 	/System/Library/Frameworks/QuartzCore.framework/Versions/A/QuartzCore
0x00007fff52980000 	/System/Library/PrivateFrameworks/SignpostNotification.framework/Versions/A/SignpostNotification
0x00007fff31100000 	/System/Library/Frameworks/Carbon.framework/Versions/A/Frameworks/SpeechRecognition.framework/Versions/A/SpeechRecognition
0x00007fff57715000 	/usr/lib/libauto.dylib
0x00007fff59577000 	/usr/lib/libxml2.2.dylib
0x00007fff45959000 	/System/Library/PrivateFrameworks/CoreUI.framework/Versions/A/CoreUI
0x00007fff3147b000 	/System/Library/Frameworks/CoreAudio.framework/Versions/A/CoreAudio
0x00007fff33975000 	/System/Library/Frameworks/DiskArbitration.framework/Versions/A/DiskArbitration
0x00007fff5858d000 	/usr/lib/liblangid.dylib
0x00007fff4d404000 	/System/Library/PrivateFrameworks/MultitouchSupport.framework/Versions/A/MultitouchSupport
0x00007fff34218000 	/System/Library/Frameworks/IOKit.framework/Versions/A/IOKit
0x00007fff57243000 	/usr/lib/libDiagnosticMessagesClient.dylib
0x00007fff32b53000 	/System/Library/Frameworks/CoreServices.framework/Versions/A/CoreServices
0x00007fff4ef36000 	/System/Library/PrivateFrameworks/PerformanceAnalysis.framework/Versions/A/PerformanceAnalysis
0x00007fff3bf61000 	/System/Library/Frameworks/OpenGL.framework/Versions/A/OpenGL
0x00007fff31235000 	/System/Library/Frameworks/ColorSync.framework/Versions/A/ColorSync
0x00007fff3248f000 	/System/Library/Frameworks/CoreImage.framework/Versions/A/CoreImage
0x00007fff334e3000 	/System/Library/Frameworks/CoreText.framework/Versions/A/CoreText
0x00007fff34313000 	/System/Library/Frameworks/ImageIO.framework/Versions/A/ImageIO
0x00007fff42650000 	/System/Library/PrivateFrameworks/Backup.framework/Versions/A/Backup
0x00007fff57665000 	/usr/lib/libarchive.2.dylib
0x00007fff30966000 	/System/Library/Frameworks/CFNetwork.framework/Versions/A/CFNetwork
0x00007fff3dfd3000 	/System/Library/Frameworks/SystemConfiguration.framework/Versions/A/SystemConfiguration
0x00007fff5716c000 	/usr/lib/libCRFSuite.dylib
0x00007fff577ee000 	/usr/lib/libc++.1.dylib
0x00007fff57845000 	/usr/lib/libc++abi.dylib
0x00007fff59736000 	/usr/lib/system/libcache.dylib
0x00007fff5973b000 	/usr/lib/system/libcommonCrypto.dylib
0x00007fff59746000 	/usr/lib/system/libcompiler_rt.dylib
0x00007fff5974e000 	/usr/lib/system/libcopyfile.dylib
0x00007fff59758000 	/usr/lib/system/libcorecrypto.dylib
0x00007fff59865000 	/usr/lib/system/libdispatch.dylib
0x00007fff5989f000 	/usr/lib/system/libdyld.dylib
0x00007fff598bd000 	/usr/lib/system/libkeymgr.dylib
0x00007fff598cb000 	/usr/lib/system/liblaunch.dylib
0x00007fff598cc000 	/usr/lib/system/libmacho.dylib
0x00007fff598d1000 	/usr/lib/system/libquarantine.dylib
0x00007fff598d4000 	/usr/lib/system/libremovefile.dylib
0x00007fff598d6000 	/usr/lib/system/libsystem_asl.dylib
0x00007fff598ee000 	/usr/lib/system/libsystem_blocks.dylib
0x00007fff598ef000 	/usr/lib/system/libsystem_c.dylib
0x00007fff59979000 	/usr/lib/system/libsystem_configuration.dylib
0x00007fff5997d000 	/usr/lib/system/libsystem_coreservices.dylib
0x00007fff59981000 	/usr/lib/system/libsystem_darwin.dylib
0x00007fff59983000 	/usr/lib/system/libsystem_dnssd.dylib
0x00007fff5998a000 	/usr/lib/system/libsystem_info.dylib
0x00007fff599fb000 	/usr/lib/system/libsystem_m.dylib
0x00007fff59a47000 	/usr/lib/system/libsystem_malloc.dylib
0x00007fff59a67000 	/usr/lib/system/libsystem_network.dylib
0x00007fff59b98000 	/usr/lib/system/libsystem_networkextension.dylib
0x00007fff59ba3000 	/usr/lib/system/libsystem_notify.dylib
0x00007fff59bc1000 	/usr/lib/system/libsystem_sandbox.dylib
0x00007fff59bc5000 	/usr/lib/system/libsystem_secinit.dylib
0x00007fff599d4000 	/usr/lib/system/libsystem_kernel.dylib
0x00007fff59bad000 	/usr/lib/system/libsystem_platform.dylib
0x00007fff59bb5000 	/usr/lib/system/libsystem_pthread.dylib
0x00007fff59bc7000 	/usr/lib/system/libsystem_symptoms.dylib
0x00007fff59bcf000 	/usr/lib/system/libsystem_trace.dylib
0x00007fff59be4000 	/usr/lib/system/libunwind.dylib
0x00007fff59bea000 	/usr/lib/system/libxpc.dylib
0x00007fff5707f000 	/usr/lib/closure/libclosured.dylib
0x00007fff577cf000 	/usr/lib/libbsm.0.dylib
0x00007fff598be000 	/usr/lib/system/libkxld.dylib
0x00007fff5747d000 	/usr/lib/libOpenScriptingUtil.dylib
0x00007fff57b3e000 	/usr/lib/libcoretls.dylib
0x00007fff57b57000 	/usr/lib/libcoretls_cfhelpers.dylib
0x00007fff59073000 	/usr/lib/libpam.2.dylib
0x00007fff5919a000 	/usr/lib/libsqlite3.dylib
0x00007fff59566000 	/usr/lib/libxar.1.dylib
0x00007fff577e0000 	/usr/lib/libbz2.1.0.dylib
0x00007fff5858f000 	/usr/lib/liblzma.5.dylib
0x00007fff58a70000 	/usr/lib/libnetwork.dylib
0x00007fff5764e000 	/usr/lib/libapple_nghttp2.dylib
0x00007fff5907a000 	/usr/lib/libpcap.A.dylib
0x00007fff57716000 	/usr/lib/libboringssl.dylib
0x00007fff59501000 	/usr/lib/libusrtcp.dylib
0x00007fff5764d000 	/usr/lib/libapple_crypto.dylib
0x00007fff32ed6000 	/System/Library/Frameworks/CoreServices.framework/Versions/A/Frameworks/FSEvents.framework/Versions/A/FSEvents
0x00007fff32bc9000 	/System/Library/Frameworks/CoreServices.framework/Versions/A/Frameworks/CarbonCore.framework/Versions/A/CarbonCore
0x00007fff3309d000 	/System/Library/Frameworks/CoreServices.framework/Versions/A/Frameworks/Metadata.framework/Versions/A/Metadata
0x00007fff3314e000 	/System/Library/Frameworks/CoreServices.framework/Versions/A/Frameworks/OSServices.framework/Versions/A/OSServices
0x00007fff331af000 	/System/Library/Frameworks/CoreServices.framework/Versions/A/Frameworks/SearchKit.framework/Versions/A/SearchKit
0x00007fff32b54000 	/System/Library/Frameworks/CoreServices.framework/Versions/A/Frameworks/AE.framework/Versions/A/AE
0x00007fff32edf000 	/System/Library/Frameworks/CoreServices.framework/Versions/A/Frameworks/LaunchServices.framework/Versions/A/LaunchServices
0x00007fff32ea1000 	/System/Library/Frameworks/CoreServices.framework/Versions/A/Frameworks/DictionaryServices.framework/Versions/A/DictionaryServices
0x00007fff3321e000 	/System/Library/Frameworks/CoreServices.framework/Versions/A/Frameworks/SharedFileList.framework/Versions/A/SharedFileList
0x00007fff373dd000 	/System/Library/Frameworks/NetFS.framework/Versions/A/NetFS
0x00007fff4d695000 	/System/Library/PrivateFrameworks/NetAuth.framework/Versions/A/NetAuth
0x00007fff56f16000 	/System/Library/PrivateFrameworks/login.framework/Versions/A/Frameworks/loginsupport.framework/Versions/A/loginsupport
0x00007fff552db000 	/System/Library/PrivateFrameworks/TCC.framework/Versions/A/TCC
0x00007fff58670000 	/usr/lib/libmecabra.dylib
0x00007fff2fe6a000 	/System/Library/Frameworks/ApplicationServices.framework/Versions/A/Frameworks/ATS.framework/Versions/A/ATS
0x00007fff30218000 	/System/Library/Frameworks/ApplicationServices.framework/Versions/A/Frameworks/ColorSyncLegacy.framework/Versions/A/ColorSyncLegacy
0x00007fff302bc000 	/System/Library/Frameworks/ApplicationServices.framework/Versions/A/Frameworks/HIServices.framework/Versions/A/HIServices
0x00007fff3030f000 	/System/Library/Frameworks/ApplicationServices.framework/Versions/A/Frameworks/LangAnalysis.framework/Versions/A/LangAnalysis
0x00007fff3031e000 	/System/Library/Frameworks/ApplicationServices.framework/Versions/A/Frameworks/PrintCore.framework/Versions/A/PrintCore
0x00007fff3036b000 	/System/Library/Frameworks/ApplicationServices.framework/Versions/A/Frameworks/QD.framework/Versions/A/QD
0x00007fff303a6000 	/System/Library/Frameworks/ApplicationServices.framework/Versions/A/Frameworks/SpeechSynthesis.framework/Versions/A/SpeechSynthesis
0x00007fff318f6000 	/System/Library/Frameworks/CoreDisplay.framework/Versions/A/CoreDisplay
0x00007fff2df6b000 	/System/Library/Frameworks/Accelerate.framework/Versions/A/Frameworks/vImage.framework/Versions/A/vImage
0x00007fff2ecc5000 	/System/Library/Frameworks/Accelerate.framework/Versions/A/Frameworks/vecLib.framework/Versions/A/vecLib
0x00007fff2ea65000 	/System/Library/Frameworks/Accelerate.framework/Versions/A/Frameworks/vecLib.framework/Versions/A/libvDSP.dylib
0x00007fff2e5c5000 	/System/Library/Frameworks/Accelerate.framework/Versions/A/Frameworks/vecLib.framework/Versions/A/libBNNS.dylib
0x00007fff2e9ca000 	/System/Library/Frameworks/Accelerate.framework/Versions/A/Frameworks/vecLib.framework/Versions/A/libQuadrature.dylib
0x00007fff2ec13000 	/System/Library/Frameworks/Accelerate.framework/Versions/A/Frameworks/vecLib.framework/Versions/A/libvMisc.dylib
0x00007fff2e5f4000 	/System/Library/Frameworks/Accelerate.framework/Versions/A/Frameworks/vecLib.framework/Versions/A/libLAPACK.dylib
0x00007fff2e46a000 	/System/Library/Frameworks/Accelerate.framework/Versions/A/Frameworks/vecLib.framework/Versions/A/libBLAS.dylib
0x00007fff2e9b4000 	/System/Library/Frameworks/Accelerate.framework/Versions/A/Frameworks/vecLib.framework/Versions/A/libLinearAlgebra.dylib
0x00007fff2e9d0000 	/System/Library/Frameworks/Accelerate.framework/Versions/A/Frameworks/vecLib.framework/Versions/A/libSparse.dylib
0x00007fff2ea51000 	/System/Library/Frameworks/Accelerate.framework/Versions/A/Frameworks/vecLib.framework/Versions/A/libSparseBLAS.dylib
0x00007fff4a4e4000 	/System/Library/PrivateFrameworks/GPUWrangler.framework/Versions/A/GPUWrangler
0x00007fff4bc75000 	/System/Library/PrivateFrameworks/IOAccelerator.framework/Versions/A/IOAccelerator
0x00007fff4bc80000 	/System/Library/PrivateFrameworks/IOPresentment.framework/Versions/A/IOPresentment
0x00007fff45d1a000 	/System/Library/PrivateFrameworks/DSExternalDisplay.framework/Versions/A/DSExternalDisplay
0x00007fff3b3e0000 	/System/Library/Frameworks/OpenGL.framework/Versions/A/Libraries/libCoreFSCache.dylib
0x00007fff33634000 	/System/Library/Frameworks/CoreVideo.framework/Versions/A/CoreVideo
0x00007fff4b25f000 	/System/Library/PrivateFrameworks/GraphVisualizer.framework/Versions/A/GraphVisualizer
0x00007fff363de000 	/System/Library/Frameworks/MetalPerformanceShaders.framework/Versions/A/MetalPerformanceShaders
0x00007fff5727b000 	/usr/lib/libFosl_dynamic.dylib
0x00007fff46dee000 	/System/Library/PrivateFrameworks/FaceCore.framework/Versions/A/FaceCore
0x00007fff3a1db000 	/System/Library/Frameworks/OpenCL.framework/Versions/A/OpenCL
0x00007fff5787c000 	/usr/lib/libcompression.dylib
0x00007fff2ff69000 	/System/Library/Frameworks/ApplicationServices.framework/Versions/A/Frameworks/ATS.framework/Versions/A/Resources/libFontParser.dylib
0x00007fff3008c000 	/System/Library/Frameworks/ApplicationServices.framework/Versions/A/Frameworks/ATS.framework/Versions/A/Resources/libFontRegistry.dylib
0x00007fff3457b000 	/System/Library/Frameworks/ImageIO.framework/Versions/A/Resources/libJPEG.dylib
0x00007fff348a4000 	/System/Library/Frameworks/ImageIO.framework/Versions/A/Resources/libTIFF.dylib
0x00007fff3487a000 	/System/Library/Frameworks/ImageIO.framework/Versions/A/Resources/libPng.dylib
0x00007fff3448e000 	/System/Library/Frameworks/ImageIO.framework/Versions/A/Resources/libGIF.dylib
0x00007fff34493000 	/System/Library/Frameworks/ImageIO.framework/Versions/A/Resources/libJP2.dylib
0x00007fff348a1000 	/System/Library/Frameworks/ImageIO.framework/Versions/A/Resources/libRadiance.dylib
0x00007fff41d7b000 	/System/Library/PrivateFrameworks/AppleJPEG.framework/Versions/A/AppleJPEG
0x00007fff36245000 	/System/Library/Frameworks/MetalPerformanceShaders.framework/Frameworks/MPSCore.framework/Versions/A/MPSCore
0x00007fff36261000 	/System/Library/Frameworks/MetalPerformanceShaders.framework/Frameworks/MPSImage.framework/Versions/A/MPSImage
0x00007fff362f6000 	/System/Library/Frameworks/MetalPerformanceShaders.framework/Frameworks/MPSNeuralNetwork.framework/Versions/A/MPSNeuralNetwork
0x00007fff362d1000 	/System/Library/Frameworks/MetalPerformanceShaders.framework/Frameworks/MPSMatrix.framework/Versions/A/MPSMatrix
0x00007fff4d176000 	/System/Library/PrivateFrameworks/MetalTools.framework/Versions/A/MetalTools
0x00007fff3b5ab000 	/System/Library/Frameworks/OpenGL.framework/Versions/A/Libraries/libGLU.dylib
0x00007fff3b3eb000 	/System/Library/Frameworks/OpenGL.framework/Versions/A/Libraries/libGFXShared.dylib
0x00007fff3b3f5000 	/System/Library/Frameworks/OpenGL.framework/Versions/A/Libraries/libGL.dylib
0x00007fff3b401000 	/System/Library/Frameworks/OpenGL.framework/Versions/A/Libraries/libGLImage.dylib
0x00007fff3b3dd000 	/System/Library/Frameworks/OpenGL.framework/Versions/A/Libraries/libCVMSPluginSupport.dylib
0x00007fff3b3e6000 	/System/Library/Frameworks/OpenGL.framework/Versions/A/Libraries/libCoreVMClient.dylib
0x00007fff58029000 	/usr/lib/libcups.2.dylib
0x00007fff357ac000 	/System/Library/Frameworks/Kerberos.framework/Versions/A/Kerberos
0x00007fff33f72000 	/System/Library/Frameworks/GSS.framework/Versions/A/GSS
0x00007fff5912d000 	/usr/lib/libresolv.9.dylib
0x00007fff58227000 	/usr/lib/libiconv.2.dylib
0x00007fff4b2f1000 	/System/Library/PrivateFrameworks/Heimdal.framework/Versions/A/Heimdal
0x00007fff581f6000 	/usr/lib/libheimdal-asn1.dylib
0x00007fff3a253000 	/System/Library/Frameworks/OpenDirectory.framework/Versions/A/OpenDirectory
0x00007fff44091000 	/System/Library/PrivateFrameworks/CommonAuth.framework/Versions/A/CommonAuth
0x00007fff3a236000 	/System/Library/Frameworks/OpenDirectory.framework/Versions/A/Frameworks/CFOpenDirectory.framework/Versions/A/CFOpenDirectory
0x00007fff3db6c000 	/System/Library/Frameworks/SecurityFoundation.framework/Versions/A/SecurityFoundation
0x00007fff40f40000 	/System/Library/PrivateFrameworks/APFS.framework/Versions/A/APFS
0x00007fff59562000 	/usr/lib/libutil.dylib
0x00007fff41dfe000 	/System/Library/PrivateFrameworks/AppleSauce.framework/Versions/A/AppleSauce
0x00007fff4c45d000 	/System/Library/PrivateFrameworks/LinguisticData.framework/Versions/A/LinguisticData
0x00007fff585a9000 	/usr/lib/libmarisa.dylib
0x00007fff4c417000 	/System/Library/PrivateFrameworks/Lexicon.framework/Versions/A/Lexicon
0x00007fff571a6000 	/usr/lib/libChineseTokenizer.dylib
0x00007fff5786b000 	/usr/lib/libcmph.dylib
0x00007fff4c321000 	/System/Library/PrivateFrameworks/LanguageModeling.framework/Versions/A/LanguageModeling
0x00007fff44ba0000 	/System/Library/PrivateFrameworks/CoreEmoji.framework/Versions/A/CoreEmoji
0x00007fff3dc2a000 	/System/Library/Frameworks/ServiceManagement.framework/Versions/A/ServiceManagement
0x00007fff42648000 	/System/Library/PrivateFrameworks/BackgroundTaskManagement.framework/Versions/A/BackgroundTaskManagement
0x00007fff5965f000 	/usr/lib/libxslt.1.dylib
0x00007fff3102a000 	/System/Library/Frameworks/Carbon.framework/Versions/A/Frameworks/Ink.framework/Versions/A/Ink
0x00007fff554f0000 	/System/Library/PrivateFrameworks/TextureIO.framework/Versions/A/TextureIO
0x00007fff57690000 	/usr/lib/libate.dylib
0x00007fff45c7a000 	/System/Library/PrivateFrameworks/CrashReporterSupport.framework/Versions/A/CrashReporterSupport
0x00007fff52840000 	/System/Library/PrivateFrameworks/Sharing.framework/Versions/A/Sharing
0x00007fff4c062000 	/System/Library/PrivateFrameworks/IconServices.framework/Versions/A/IconServices
0x00007fff42278000 	/System/Library/PrivateFrameworks/AuthKit.framework/Versions/A/AuthKit
0x00007fff41bfe000 	/System/Library/PrivateFrameworks/Apple80211.framework/Versions/A/Apple80211
0x00007fff45a8f000 	/System/Library/PrivateFrameworks/CoreUtils.framework/Versions/A/CoreUtils
0x00007fff3366f000 	/System/Library/Frameworks/CoreWLAN.framework/Versions/A/CoreWLAN
0x00007fff340b4000 	/System/Library/Frameworks/IOBluetooth.framework/Versions/A/IOBluetooth
0x00007fff50d05000 	/System/Library/PrivateFrameworks/ProtocolBuffer.framework/Versions/A/ProtocolBuffer
0x00007fff4d35f000 	/System/Library/PrivateFrameworks/MobileKeyBag.framework/Versions/A/MobileKeyBag
0x00007fff45344000 	/System/Library/PrivateFrameworks/CorePhoneNumbers.framework/Versions/A/CorePhoneNumbers
0x00007fff41d36000 	/System/Library/PrivateFrameworks/AppleIDAuthSupport.framework/Versions/A/AppleIDAuthSupport
0x00007fff4c30d000 	/System/Library/PrivateFrameworks/KeychainCircle.framework/Versions/A/KeychainCircle
0x00007fff45c15000 	/System/Library/PrivateFrameworks/CoreWiFi.framework/Versions/A/CoreWiFi
0x00007fff31575000 	/System/Library/Frameworks/CoreBluetooth.framework/Versions/A/CoreBluetooth
0x00007fff45e64000 	/System/Library/PrivateFrameworks/DebugSymbols.framework/Versions/A/DebugSymbols
0x00007fff45845000 	/System/Library/PrivateFrameworks/CoreSymbolication.framework/Versions/A/CoreSymbolication
0x00007fff54ce1000 	/System/Library/PrivateFrameworks/Symbolication.framework/Versions/A/Symbolication
0x00007fff41c28000 	/System/Library/PrivateFrameworks/AppleFSCompression.framework/Versions/A/AppleFSCompression
0x00007fff5412e000 	/System/Library/PrivateFrameworks/SpeechRecognitionCore.framework/Versions/A/SpeechRecognitionCore
0x0000000108800000 	/Library/Java/JavaVirtualMachines/jdk-10.0.2.jdk/Contents/Home/lib/server/libjvm.dylib
0x00007fff5942f000 	/usr/lib/libstdc++.6.0.9.dylib
0x0000000107ea1000 	/Library/Java/JavaVirtualMachines/jdk-10.0.2.jdk/Contents/Home/lib/libverify.dylib
0x0000000107eae000 	/Library/Java/JavaVirtualMachines/jdk-10.0.2.jdk/Contents/Home/lib/libjava.dylib
0x0000000107ee5000 	/Library/Java/JavaVirtualMachines/jdk-10.0.2.jdk/Contents/Home/lib/libinstrument.dylib
0x0000000107f7a000 	/Library/Java/JavaVirtualMachines/jdk-10.0.2.jdk/Contents/Home/lib/libzip.dylib
0x0000000107f82000 	/Library/Java/JavaVirtualMachines/jdk-10.0.2.jdk/Contents/Home/lib/libjimage.dylib
0x0000000107fe4000 	/Library/Java/JavaVirtualMachines/jdk-10.0.2.jdk/Contents/Home/lib/libnio.dylib
0x0000000112f4c000 	/Library/Java/JavaVirtualMachines/jdk-10.0.2.jdk/Contents/Home/lib/./libnet.dylib
0x0000000112feb000 	/Users/christophersjoblom/lwjgl-nightly-3.1.7/liblwjgl.dylib
0x0000000113012000 	/Users/christophersjoblom/lwjgl-nightly-3.1.7/libglfw.dylib
0x00007fff454d7000 	/System/Library/PrivateFrameworks/CoreServicesInternal.framework/Versions/A/CoreServicesInternal
0x000000011380e000 	/Users/christophersjoblom/lwjgl-nightly-3.1.7/libMoltenVK.dylib
0x00007fff2df54000 	/System/Library/Frameworks/Accelerate.framework/Versions/A/Frameworks/vImage.framework/Versions/A/Libraries/libCGInterfaces.dylib
0x00007fff3017b000 	/System/Library/Frameworks/ApplicationServices.framework/Versions/A/Frameworks/ATS.framework/Versions/A/Resources/libTrueTypeScaler.dylib
0x00007fff2bb60000 	/System/Library/Extensions/AppleIntelSKLGraphicsMTLDriver.bundle/Contents/MacOS/AppleIntelSKLGraphicsMTLDriver
0x00007fff48e78000 	/System/Library/PrivateFrameworks/GPUCompiler.framework/Versions/3802/Libraries/libmetal_timestamp.dylib


VM Arguments:
jvm_args: -Djava.library.path=/Users/christophersjoblom/lwjgl-nightly-3.1.7 -javaagent:/Applications/IntelliJ IDEA CE.app/Contents/lib/idea_rt.jar=57785:/Applications/IntelliJ IDEA CE.app/Contents/bin -Dfile.encoding=UTF-8 
java_command: example.HelloRainKt
java_class_path (initial): /Users/christophersjoblom/Projects/rain/out/production/rain:/Users/christophersjoblom/lwjgl-nightly-3.1.7/joml-1.9.8.jar:/Users/christophersjoblom/lwjgl-nightly-3.1.7/lwjgl-glfw.jar:/Users/christophersjoblom/lwjgl-nightly-3.1.7/lwjgl-stb.jar:/Users/christophersjoblom/lwjgl-nightly-3.1.7/lwjgl-vma.jar:/Users/christophersjoblom/lwjgl-nightly-3.1.7/lwjgl-vulkan.jar:/Users/christophersjoblom/lwjgl-nightly-3.1.7/lwjgl.jar:/Users/christophersjoblom/Projects/rain/lib/kotlin-stdlib.jar:/Users/christophersjoblom/Projects/rain/lib/kotlin-reflect.jar:/Users/christophersjoblom/Projects/rain/lib/kotlin-test.jar:/Users/christophersjoblom/Projects/rain/lib/kotlin-stdlib-jdk7.jar:/Users/christophersjoblom/Projects/rain/lib/kotlin-stdlib-jdk8.jar
Launcher Type: SUN_STANDARD

Logging:
Log output configuration:
#0: stdout all=warning uptime,level,tags
#1: stderr all=off uptime,level,tags

Environment Variables:
JAVA_HOME=/Library/Java/JavaVirtualMachines/jdk1.8.0_131.jdk/Contents/Home
PATH=/Users/christophersjoblom/vulkansdk-macos-1.1.82.1/macOS/bin:/Users/christophersjoblom/.cargo/bin:/usr/local/bin:/usr/bin:/bin:/usr/sbin:/sbin:/usr/local/MacGPG2/bin:/opt/X11/bin:/Library/Frameworks/Mono.framework/Versions/Current/Commands:/Users/christophersjoblom/4coder/
SHELL=/bin/bash
DISPLAY=/private/tmp/com.apple.launchd.GkozCEh2SA/org.macosforge.xquartz:0

Signal Handlers:
SIGSEGV: [libjvm.dylib+0x79ac14], sa_mask[0]=11111111011111110111111111111111, sa_flags=SA_ONSTACK|SA_RESTART|SA_SIGINFO
SIGBUS: [libjvm.dylib+0x79ac14], sa_mask[0]=11111111011111110111111111111111, sa_flags=SA_RESTART|SA_SIGINFO
SIGFPE: [libjvm.dylib+0x79ac14], sa_mask[0]=11111111011111110111111111111111, sa_flags=SA_RESTART|SA_SIGINFO
SIGPIPE: [libjvm.dylib+0x635960], sa_mask[0]=11111111011111110111111111111111, sa_flags=SA_RESTART|SA_SIGINFO
SIGXFSZ: [libjvm.dylib+0x635960], sa_mask[0]=11111111011111110111111111111111, sa_flags=SA_RESTART|SA_SIGINFO
SIGILL: [libjvm.dylib+0x79ac14], sa_mask[0]=11111111011111110111111111111111, sa_flags=SA_RESTART|SA_SIGINFO
SIGUSR2: [libjvm.dylib+0x6361f0], sa_mask[0]=00100000000000000000000000000000, sa_flags=SA_RESTART|SA_SIGINFO
SIGHUP: [libjvm.dylib+0x6349db], sa_mask[0]=11111111011111110111111111111111, sa_flags=SA_RESTART|SA_SIGINFO
SIGINT: [libjvm.dylib+0x6349db], sa_mask[0]=11111111011111110111111111111111, sa_flags=SA_RESTART|SA_SIGINFO
SIGTERM: [libjvm.dylib+0x6349db], sa_mask[0]=11111111011111110111111111111111, sa_flags=SA_RESTART|SA_SIGINFO
SIGQUIT: [libjvm.dylib+0x6349db], sa_mask[0]=11111111011111110111111111111111, sa_flags=SA_RESTART|SA_SIGINFO


---------------  S Y S T E M  ---------------

OS:uname:Darwin 17.7.0 Darwin Kernel Version 17.7.0: Thu Jun 21 22:53:14 PDT 2018; root:xnu-4570.71.2~1/RELEASE_X86_64 x86_64
rlimit: STACK 8192k, CORE 0k, NPROC 709, NOFILE 10240, AS infinity, DATA infinity, FSIZE infinity
load average:1.71 1.80 2.05

CPU:total 4 (initial active 4) (2 cores per cpu, 2 threads per core) family 6 model 78 stepping 3, cmov, cx8, fxsr, mmx, sse, sse2, sse3, ssse3, sse4.1, sse4.2, popcnt, avx, avx2, aes, clmul, erms, 3dnowpref, lzcnt, ht, tsc, tscinvbit, bmi1, bmi2, adx, fma

Memory: 4k page, physical 8388608k(387604k free)

vm_info: Java HotSpot(TM) 64-Bit Server VM (10.0.2+13) for bsd-amd64 JRE (10.0.2+13), built on Jun 28 2018 00:49:51 by "mach5one" with gcc 4.2.1 Compatible Apple LLVM 6.1.0 (clang-602.0.49)

END.
